[     169ms] [INFO] %cDownload the React DevTools for a better development experience: https://react.dev/link/react-devtools font-weight:bold @ http://localhost:3000/_next/static/chunks/0ly8_next_dist_1tgaskt._.js:2477
[     182ms] [LOG] [HMR] connected @ http://localhost:3000/_next/static/chunks/0ly8_next_dist_1tgaskt._.js:2477
[  389689ms] [LOG] [Fast Refresh] rebuilding @ http://localhost:3000/_next/static/chunks/0ly8_next_dist_1tgaskt._.js:2477
[  389691ms] [LOG] [Fast Refresh] done in 103ms @ http://localhost:3000/_next/static/chunks/0ly8_next_dist_1tgaskt._.js:2477
[  529278ms] [LOG] [Fast Refresh] rebuilding @ http://localhost:3000/_next/static/chunks/0ly8_next_dist_1tgaskt._.js:2477
[  529520ms] [LOG] [Fast Refresh] done in 306ms @ http://localhost:3000/_next/static/chunks/0ly8_next_dist_1tgaskt._.js:2477
[ 1067296ms] [LOG] [Fast Refresh] rebuilding @ http://localhost:3000/_next/static/chunks/0ly8_next_dist_1tgaskt._.js:2477
[ 1067463ms] [LOG] [Fast Refresh] done in 141ms @ http://localhost:3000/_next/static/chunks/0ly8_next_dist_1tgaskt._.js:2477
[ 1077165ms] [LOG] [Fast Refresh] rebuilding @ http://localhost:3000/_next/static/chunks/0ly8_next_dist_1tgaskt._.js:2477
[ 1077192ms] [LOG] [Fast Refresh] done in 31ms @ http://localhost:3000/_next/static/chunks/0ly8_next_dist_1tgaskt._.js:2477
[ 1108709ms] [LOG] [Fast Refresh] rebuilding @ http://localhost:3000/_next/static/chunks/0ly8_next_dist_1tgaskt._.js:2477
[ 1108736ms] [LOG] [Fast Refresh] done in 28ms @ http://localhost:3000/_next/static/chunks/0ly8_next_dist_1tgaskt._.js:2477
[ 1237825ms] [LOG] [Fast Refresh] rebuilding @ http://localhost:3000/_next/static/chunks/0ly8_next_dist_1tgaskt._.js:2477
[ 1237831ms] [LOG] [Fast Refresh] done in 107ms @ http://localhost:3000/_next/static/chunks/0ly8_next_dist_1tgaskt._.js:2477
[ 1520589ms] [LOG] [Fast Refresh] rebuilding @ http://localhost:3000/_next/static/chunks/0ly8_next_dist_1tgaskt._.js:2477
[ 1520618ms] [LOG] [Fast Refresh] done in 100ms @ http://localhost:3000/_next/static/chunks/0ly8_next_dist_1tgaskt._.js:2477
[ 1587973ms] [LOG] [Fast Refresh] rebuilding @ http://localhost:3000/_next/static/chunks/0ly8_next_dist_1tgaskt._.js:2477
[ 1588009ms] [ERROR] Failed to load resource: the server responded with a status of 500 (Internal Server Error) @ http://localhost:3000/trip/jeonju-2026/schedule?luxury-ticket=6&_rsc=WC7ehsot5nyZj0k9:0
[ 1588040ms] [ERROR] Failed to load resource: the server responded with a status of 500 (Internal Server Error) @ http://localhost:3000/trip/jeonju-2026/schedule?luxury-ticket=6&_rsc=WC7ehsot5nyZj0k9:0
[ 1588052ms] [ERROR] Failed to load resource: the server responded with a status of 500 (Internal Server Error) @ http://localhost:3000/trip/jeonju-2026/schedule?luxury-ticket=6:0
[ 1588086ms] [INFO] %cDownload the React DevTools for a better development experience: https://react.dev/link/react-devtools font-weight:bold @ http://localhost:3000/_next/static/chunks/02ca_react-dom_0ntjfa7._.js:15305
[ 1588116ms] Error: ./apps/web/app/trip/_components/trip-timeline.tsx:14:1
Module not found: Can't resolve '@repo/ui/components/animated-list'
  12 | import { gsap } from "gsap";
  13 |
> 14 | import { AnimatedList } from "@repo/ui/components/animated-list";
     | ^^^^^^^^^^^^^^^^^^^^^^^^^^^^^^^^^^^^^^^^^^^^^^^^^^^^^^^^^^^^^^^^^
  15 | import { cn } from "@repo/ui/lib/utils";
  16 |
  17 | import { AnimatedGradientText } from "@/components/magicui/animated-gradient-text";



Import traces:
  Client Component Browser:
    ./apps/web/app/trip/_components/trip-timeline.tsx [Client Component Browser]
    ./apps/web/app/trip/_components/trip-schedule-page.tsx [Client Component Browser]
    ./apps/web/app/trip/_components/trip-schedule-page.tsx [Server Component]
    ./apps/web/app/trip/[slug]/schedule/page.tsx [Server Component]

  Client Component SSR:
    ./apps/web/app/trip/_components/trip-timeline.tsx [Client Component SSR]
    ./apps/web/app/trip/_components/trip-schedule-page.tsx [Client Component SSR]
    ./apps/web/app/trip/_components/trip-schedule-page.tsx [Server Component]
    ./apps/web/app/trip/[slug]/schedule/page.tsx [Server Component]

https://nextjs.org/docs/messages/module-not-found


    at <unknown> (Error: ./apps/web/app/trip/_components/trip-timeline.tsx:14:1)
    at <unknown> (https://nextjs.org/docs/messages/module-not-found)
    at Object.getCompilationErrors (file:///Users/minwoo/workspaces/catch-us/node_modules/.pnpm/next@16.2.9_react-dom@19.2.7_react@19.2.7__react@19.2.7/node_modules/next/dist/server/dev/hot-reloader-turbopack.js:1186:59)
    at DevBundlerService.getCompilationError (file:///Users/minwoo/workspaces/catch-us/node_modules/.pnpm/next@16.2.9_react-dom@19.2.7_react@19.2.7__react@19.2.7/node_modules/next/dist/server/lib/dev-bundler-service.js:44:55)
    at DevServer.getCompilationError (file:///Users/minwoo/workspaces/catch-us/node_modules/.pnpm/next@16.2.9_react-dom@19.2.7_react@19.2.7__react@19.2.7/node_modules/next/dist/server/dev/next-dev-server.js:720:42)
    at DevServer.findPageComponents (file:///Users/minwoo/workspaces/catch-us/node_modules/.pnpm/next@16.2.9_react-dom@19.2.7_react@19.2.7__react@19.2.7/node_modules/next/dist/server/dev/next-dev-server.js:690:43)
    at async DevServer.renderErrorToResponseImpl (file:///Users/minwoo/workspaces/catch-us/node_modules/.pnpm/next@16.2.9_react-dom@19.2.7_react@19.2.7__react@19.2.7/node_modules/next/dist/server/base-server.js:1753:26)
[ 1588118ms] [LOG] [HMR] connected @ http://localhost:3000/_next/static/chunks/0ly8_next_dist_11z_9bq._.js:1226
[ 1588132ms] [ERROR] Failed to load resource: the server responded with a status of 404 (Not Found) @ http://localhost:3000/favicon.ico:0
[ 1588136ms] [ERROR] ./apps/web/app/trip/_components/trip-timeline.tsx:14:1
Module not found: Can't resolve '@repo/ui/components/animated-list'
  12 | import { gsap } from "gsap";
  13 |
> 14 | import { AnimatedList } from "@repo/ui/components/animated-list";
     | ^^^^^^^^^^^^^^^^^^^^^^^^^^^^^^^^^^^^^^^^^^^^^^^^^^^^^^^^^^^^^^^^^
  15 | import { cn } from "@repo/ui/lib/utils";
  16 |
  17 | import { AnimatedGradientText } from "@/components/magicui/animated-gradient-text";

Import traces:
  Client Component Browser:
    ./apps/web/app/trip/_components/trip-timeline.tsx [Client Component Browser]
    ./apps/web/app/trip/_components/trip-schedule-page.tsx [Client Component Browser]
    ./apps/web/app/trip/_components/trip-schedule-page.tsx [Server Component]
    ./apps/web/app/trip/[slug]/schedule/page.tsx [Server Component]

  Client Component SSR:
    ./apps/web/app/trip/_components/trip-timeline.tsx [Client Component SSR]
    ./apps/web/app/trip/_components/trip-schedule-page.tsx [Client Component SSR]
    ./apps/web/app/trip/_components/trip-schedule-page.tsx [Server Component]
    ./apps/web/app/trip/[slug]/schedule/page.tsx [Server Component]

https://nextjs.org/docs/messages/module-not-found @ http://localhost:3000/_next/static/chunks/0ly8_next_dist_11z_9bq._.js:1945
[ 1588170ms] [ERROR] ./apps/web/app/trip/_components/trip-timeline.tsx:14:1
Module not found: Can't resolve '@repo/ui/components/animated-list'
  12 | import { gsap } from "gsap";
  13 |
> 14 | import { AnimatedList } from "@repo/ui/components/animated-list";
     | ^^^^^^^^^^^^^^^^^^^^^^^^^^^^^^^^^^^^^^^^^^^^^^^^^^^^^^^^^^^^^^^^^
  15 | import { cn } from "@repo/ui/lib/utils";
  16 |
  17 | import { AnimatedGradientText } from "@/components/magicui/animated-gradient-text";

Import traces:
  Client Component Browser:
    ./apps/web/app/trip/_components/trip-timeline.tsx [Client Component Browser]
    ./apps/web/app/trip/_components/trip-schedule-page.tsx [Client Component Browser]
    ./apps/web/app/trip/_components/trip-schedule-page.tsx [Server Component]
    ./apps/web/app/trip/[slug]/schedule/page.tsx [Server Component]

  Client Component SSR:
    ./apps/web/app/trip/_components/trip-timeline.tsx [Client Component SSR]
    ./apps/web/app/trip/_components/trip-schedule-page.tsx [Client Component SSR]
    ./apps/web/app/trip/_components/trip-schedule-page.tsx [Server Component]
    ./apps/web/app/trip/[slug]/schedule/page.tsx [Server Component]

https://nextjs.org/docs/messages/module-not-found @ http://localhost:3000/_next/static/chunks/0ly8_next_dist_11z_9bq._.js:1945
[ 1588228ms] [ERROR] ./apps/web/app/trip/_components/trip-timeline.tsx:14:1
Module not found: Can't resolve '@repo/ui/components/animated-list'
  12 | import { gsap } from "gsap";
  13 |
> 14 | import { AnimatedList } from "@repo/ui/components/animated-list";
     | ^^^^^^^^^^^^^^^^^^^^^^^^^^^^^^^^^^^^^^^^^^^^^^^^^^^^^^^^^^^^^^^^^
  15 | import { cn } from "@repo/ui/lib/utils";
  16 |
  17 | import { AnimatedGradientText } from "@/components/magicui/animated-gradient-text";

Import traces:
  Client Component Browser:
    ./apps/web/app/trip/_components/trip-timeline.tsx [Client Component Browser]
    ./apps/web/app/trip/_components/trip-schedule-page.tsx [Client Component Browser]
    ./apps/web/app/trip/_components/trip-schedule-page.tsx [Server Component]
    ./apps/web/app/trip/[slug]/schedule/page.tsx [Server Component]

  Client Component SSR:
    ./apps/web/app/trip/_components/trip-timeline.tsx [Client Component SSR]
    ./apps/web/app/trip/_components/trip-schedule-page.tsx [Client Component SSR]
    ./apps/web/app/trip/_components/trip-schedule-page.tsx [Server Component]
    ./apps/web/app/trip/[slug]/schedule/page.tsx [Server Component]

https://nextjs.org/docs/messages/module-not-found @ http://localhost:3000/_next/static/chunks/0ly8_next_dist_11z_9bq._.js:1945
[ 1588295ms] [LOG] [Fast Refresh] rebuilding @ http://localhost:3000/_next/static/chunks/0ly8_next_dist_11z_9bq._.js:1226
[ 1673502ms] [LOG] [Fast Refresh] rebuilding @ http://localhost:3000/_next/static/chunks/0ly8_next_dist_11z_9bq._.js:1226
[ 1673579ms] [ERROR] ./apps/web/app/trip/_components/trip-schedule-page.tsx:14:1
Module not found: Can't resolve './trip-timeline'
  12 | import { TripDateSegmentedNav } from "./trip-date-segmented-nav";
  13 | import { TripMapPanel } from "./trip-map-panel";
> 14 | import { TripTimeline } from "./trip-timeline";
     | ^^^^^^^^^^^^^^^^^^^^^^^^^^^^^^^^^^^^^^^^^^^^^^^
  15 |
  16 | export function TripSchedulePage({ trip }: { trip: Trip }) {
  17 |   const [activeDay, setActiveDay] = React.useState<TripDayId>("all");

Import trace:
  Server Component:
    ./apps/web/app/trip/_components/trip-schedule-page.tsx
    ./apps/web/app/trip/[slug]/schedule/page.tsx

https://nextjs.org/docs/messages/module-not-found @ http://localhost:3000/_next/static/chunks/0ly8_next_dist_11z_9bq._.js:1945
[ 1673622ms] [ERROR] Failed to load resource: the server responded with a status of 500 (Internal Server Error) @ http://localhost:3000/trip/jeonju-2026/schedule?luxury-ticket=6:0
[ 1673645ms] [INFO] %cDownload the React DevTools for a better development experience: https://react.dev/link/react-devtools font-weight:bold @ http://localhost:3000/_next/static/chunks/02ca_react-dom_0ntjfa7._.js:15305
[ 1673651ms] Error: ./apps/web/app/trip/_components/trip-schedule-page.tsx:14:1
Module not found: Can't resolve './trip-timeline'
  12 | import { TripDateSegmentedNav } from "./trip-date-segmented-nav";
  13 | import { TripMapPanel } from "./trip-map-panel";
> 14 | import { TripTimeline } from "./trip-timeline";
     | ^^^^^^^^^^^^^^^^^^^^^^^^^^^^^^^^^^^^^^^^^^^^^^^
  15 |
  16 | export function TripSchedulePage({ trip }: { trip: Trip }) {
  17 |   const [activeDay, setActiveDay] = React.useState<TripDayId>("all");



Import trace:
  Server Component:
    ./apps/web/app/trip/_components/trip-schedule-page.tsx
    ./apps/web/app/trip/[slug]/schedule/page.tsx

https://nextjs.org/docs/messages/module-not-found


    at <unknown> (Error: ./apps/web/app/trip/_components/trip-schedule-page.tsx:14:1)
    at <unknown> (https://nextjs.org/docs/messages/module-not-found)
    at Object.getCompilationErrors (file:///Users/minwoo/workspaces/catch-us/node_modules/.pnpm/next@16.2.9_react-dom@19.2.7_react@19.2.7__react@19.2.7/node_modules/next/dist/server/dev/hot-reloader-turbopack.js:1186:59)
    at DevBundlerService.getCompilationError (file:///Users/minwoo/workspaces/catch-us/node_modules/.pnpm/next@16.2.9_react-dom@19.2.7_react@19.2.7__react@19.2.7/node_modules/next/dist/server/lib/dev-bundler-service.js:44:55)
    at DevServer.getCompilationError (file:///Users/minwoo/workspaces/catch-us/node_modules/.pnpm/next@16.2.9_react-dom@19.2.7_react@19.2.7__react@19.2.7/node_modules/next/dist/server/dev/next-dev-server.js:720:42)
    at DevServer.findPageComponents (file:///Users/minwoo/workspaces/catch-us/node_modules/.pnpm/next@16.2.9_react-dom@19.2.7_react@19.2.7__react@19.2.7/node_modules/next/dist/server/dev/next-dev-server.js:690:43)
    at async DevServer.renderErrorToResponseImpl (file:///Users/minwoo/workspaces/catch-us/node_modules/.pnpm/next@16.2.9_react-dom@19.2.7_react@19.2.7__react@19.2.7/node_modules/next/dist/server/base-server.js:1753:26)
[ 1673661ms] [LOG] [HMR] connected @ http://localhost:3000/_next/static/chunks/0ly8_next_dist_11z_9bq._.js:1226
[ 1673667ms] [ERROR] ./apps/web/app/trip/_components/trip-schedule-page.tsx:14:1
Module not found: Can't resolve './trip-timeline'
  12 | import { TripDateSegmentedNav } from "./trip-date-segmented-nav";
  13 | import { TripMapPanel } from "./trip-map-panel";
> 14 | import { TripTimeline } from "./trip-timeline";
     | ^^^^^^^^^^^^^^^^^^^^^^^^^^^^^^^^^^^^^^^^^^^^^^^
  15 |
  16 | export function TripSchedulePage({ trip }: { trip: Trip }) {
  17 |   const [activeDay, setActiveDay] = React.useState<TripDayId>("all");

Import trace:
  Server Component:
    ./apps/web/app/trip/_components/trip-schedule-page.tsx
    ./apps/web/app/trip/[slug]/schedule/page.tsx

https://nextjs.org/docs/messages/module-not-found @ http://localhost:3000/_next/static/chunks/0ly8_next_dist_11z_9bq._.js:1945
[ 1674102ms] [INFO] %cDownload the React DevTools for a better development experience: https://react.dev/link/react-devtools font-weight:bold @ http://localhost:3000/_next/static/chunks/0ly8_next_dist_1tgaskt._.js:2477
[ 1674132ms] [LOG] [HMR] connected @ http://localhost:3000/_next/static/chunks/0ly8_next_dist_1tgaskt._.js:2477
[ 1697949ms] [LOG] [Fast Refresh] rebuilding @ http://localhost:3000/_next/static/chunks/0ly8_next_dist_1tgaskt._.js:2477
[ 1697976ms] [LOG] [Fast Refresh] done in 32ms @ http://localhost:3000/_next/static/chunks/0ly8_next_dist_1tgaskt._.js:2477
[ 1709898ms] [LOG] [Fast Refresh] rebuilding @ http://localhost:3000/_next/static/chunks/0ly8_next_dist_1tgaskt._.js:2477
[ 1709926ms] [LOG] [Fast Refresh] done in 27ms @ http://localhost:3000/_next/static/chunks/0ly8_next_dist_1tgaskt._.js:2477
[ 1874648ms] [LOG] [Fast Refresh] rebuilding @ http://localhost:3000/_next/static/chunks/0ly8_next_dist_1tgaskt._.js:2477
[ 1874675ms] [LOG] [Fast Refresh] done in 31ms @ http://localhost:3000/_next/static/chunks/0ly8_next_dist_1tgaskt._.js:2477
[ 1874776ms] [LOG] [Fast Refresh] rebuilding @ http://localhost:3000/_next/static/chunks/0ly8_next_dist_1tgaskt._.js:2477
[ 1874803ms] [LOG] [Fast Refresh] done in 54ms @ http://localhost:3000/_next/static/chunks/0ly8_next_dist_1tgaskt._.js:2477
