[      89ms] [INFO] %cDownload the React DevTools for a better development experience: https://react.dev/link/react-devtools font-weight:bold @ http://localhost:3000/_next/static/chunks/0ly8_next_dist_1tgaskt._.js:2477
[     123ms] [LOG] [HMR] connected @ http://localhost:3000/_next/static/chunks/0ly8_next_dist_1tgaskt._.js:2477
[  188370ms] [ERROR] WebSocket connection to 'ws://localhost:3000/_next/webpack-hmr?id=hViNHNidQDsAFZPJqWVtz' failed: Error in connection establishment: net::ERR_CONNECTION_REFUSED @ http://localhost:3000/_next/static/chunks/0ly8_next_dist_client_1ri-qb-._.js:13422
[  189373ms] [ERROR] WebSocket connection to 'ws://localhost:3000/_next/webpack-hmr?id=hViNHNidQDsAFZPJqWVtz' failed: Error in connection establishment: net::ERR_CONNECTION_REFUSED @ http://localhost:3000/_next/static/chunks/0ly8_next_dist_client_1ri-qb-._.js:13422
[  190375ms] [ERROR] WebSocket connection to 'ws://localhost:3000/_next/webpack-hmr?id=hViNHNidQDsAFZPJqWVtz' failed: Error in connection establishment: net::ERR_CONNECTION_REFUSED @ http://localhost:3000/_next/static/chunks/0ly8_next_dist_client_1ri-qb-._.js:13422
[  191377ms] [ERROR] WebSocket connection to 'ws://localhost:3000/_next/webpack-hmr?id=hViNHNidQDsAFZPJqWVtz' failed: Error in connection establishment: net::ERR_CONNECTION_REFUSED @ http://localhost:3000/_next/static/chunks/0ly8_next_dist_client_1ri-qb-._.js:13422
[  192382ms] [ERROR] WebSocket connection to 'ws://localhost:3000/_next/webpack-hmr?id=hViNHNidQDsAFZPJqWVtz' failed: Error in connection establishment: net::ERR_CONNECTION_REFUSED @ http://localhost:3000/_next/static/chunks/0ly8_next_dist_client_1ri-qb-._.js:13422
[  197387ms] [ERROR] WebSocket connection to 'ws://localhost:3000/_next/webpack-hmr?id=hViNHNidQDsAFZPJqWVtz' failed: Error in connection establishment: net::ERR_CONNECTION_REFUSED @ http://localhost:3000/_next/static/chunks/0ly8_next_dist_client_1ri-qb-._.js:13422
[  202394ms] [ERROR] WebSocket connection to 'ws://localhost:3000/_next/webpack-hmr?id=hViNHNidQDsAFZPJqWVtz' failed: Error in connection establishment: net::ERR_CONNECTION_REFUSED @ http://localhost:3000/_next/static/chunks/0ly8_next_dist_client_1ri-qb-._.js:13422
[  207412ms] [ERROR] WebSocket connection to 'ws://localhost:3000/_next/webpack-hmr?id=hViNHNidQDsAFZPJqWVtz' failed: Error in connection establishment: net::ERR_CONNECTION_REFUSED @ http://localhost:3000/_next/static/chunks/0ly8_next_dist_client_1ri-qb-._.js:13422
[  212455ms] [ERROR] WebSocket connection to 'ws://localhost:3000/_next/webpack-hmr?id=hViNHNidQDsAFZPJqWVtz' failed: Error in connection establishment: net::ERR_CONNECTION_REFUSED @ http://localhost:3000/_next/static/chunks/0ly8_next_dist_client_1ri-qb-._.js:13422
[  217511ms] [ERROR] WebSocket connection to 'ws://localhost:3000/_next/webpack-hmr?id=hViNHNidQDsAFZPJqWVtz' failed: Error in connection establishment: net::ERR_CONNECTION_REFUSED @ http://localhost:3000/_next/static/chunks/0ly8_next_dist_client_1ri-qb-._.js:13422
[  222606ms] [ERROR] WebSocket connection to 'ws://localhost:3000/_next/webpack-hmr?id=hViNHNidQDsAFZPJqWVtz' failed: Error in connection establishment: net::ERR_CONNECTION_REFUSED @ http://localhost:3000/_next/static/chunks/0ly8_next_dist_client_1ri-qb-._.js:13422
[  227884ms] [ERROR] WebSocket connection to 'ws://localhost:3000/_next/webpack-hmr?id=hViNHNidQDsAFZPJqWVtz' failed: Error in connection establishment: net::ERR_CONNECTION_REFUSED @ http://localhost:3000/_next/static/chunks/0ly8_next_dist_client_1ri-qb-._.js:13422
[42509378ms] [INFO] %cDownload the React DevTools for a better development experience: https://react.dev/link/react-devtools font-weight:bold @ http://localhost:3000/_next/static/chunks/0ly8_next_dist_1tgaskt._.js:2477
[42509428ms] [LOG] [HMR] connected @ http://localhost:3000/_next/static/chunks/0ly8_next_dist_1tgaskt._.js:2477
[42517022ms] [INFO] %cDownload the React DevTools for a better development experience: https://react.dev/link/react-devtools font-weight:bold @ http://localhost:3000/_next/static/chunks/0ly8_next_dist_1tgaskt._.js:2477
[42517082ms] [LOG] [HMR] connected @ http://localhost:3000/_next/static/chunks/0ly8_next_dist_1tgaskt._.js:2477
[42519961ms] [INFO] %cDownload the React DevTools for a better development experience: https://react.dev/link/react-devtools font-weight:bold @ http://localhost:3000/_next/static/chunks/0ly8_next_dist_1tgaskt._.js:2477
[42520026ms] [LOG] [HMR] connected @ http://localhost:3000/_next/static/chunks/0ly8_next_dist_1tgaskt._.js:2477
[42522682ms] [WARNING] Image with src "/trips/jeonju-2026/intro/04-field.jpg" was detected as the Largest Contentful Paint (LCP). Please add the `loading="eager"` property if this image is above the fold.
Read more: https://nextjs.org/docs/app/api-reference/components/image#loading @ http://localhost:3000/_next/static/chunks/0ly8_next_dist_1tgaskt._.js:2477
[42523081ms] [LOG] [HMR] connected @ http://localhost:3000/_next/static/chunks/0ly8_next_dist_1tgaskt._.js:2477
