[     151ms] [LOG] [Fast Refresh] rebuilding @ http://localhost:3000/_next/static/chunks/0ly8_next_dist_1tgaskt._.js:2477
[     157ms] [LOG] [Fast Refresh] done in 107ms @ http://localhost:3000/_next/static/chunks/0ly8_next_dist_1tgaskt._.js:2477
[     186ms] [INFO] %cDownload the React DevTools for a better development experience: https://react.dev/link/react-devtools font-weight:bold @ http://localhost:3000/_next/static/chunks/0ly8_next_dist_1tgaskt._.js:2477
[     199ms] [LOG] [HMR] connected @ http://localhost:3000/_next/static/chunks/0ly8_next_dist_1tgaskt._.js:2477
[   10856ms] [LOG] [Fast Refresh] rebuilding @ http://localhost:3000/_next/static/chunks/0ly8_next_dist_1tgaskt._.js:2477
[   10886ms] [LOG] [Fast Refresh] done in 28ms @ http://localhost:3000/_next/static/chunks/0ly8_next_dist_1tgaskt._.js:2477
[  343089ms] [LOG] [Fast Refresh] rebuilding @ http://localhost:3000/_next/static/chunks/0ly8_next_dist_1tgaskt._.js:2477
[  343191ms] [LOG] [Fast Refresh] done in 105ms @ http://localhost:3000/_next/static/chunks/0ly8_next_dist_1tgaskt._.js:2477
[  441222ms] [LOG] [Fast Refresh] rebuilding @ http://localhost:3000/_next/static/chunks/0ly8_next_dist_1tgaskt._.js:2477
[  441228ms] [LOG] [Fast Refresh] done in 107ms @ http://localhost:3000/_next/static/chunks/0ly8_next_dist_1tgaskt._.js:2477
[  589815ms] [LOG] [Fast Refresh] rebuilding @ http://localhost:3000/_next/static/chunks/0ly8_next_dist_1tgaskt._.js:2477
[  589842ms] [LOG] [Fast Refresh] done in 34ms @ http://localhost:3000/_next/static/chunks/0ly8_next_dist_1tgaskt._.js:2477
[  636373ms] [INFO] %cDownload the React DevTools for a better development experience: https://react.dev/link/react-devtools font-weight:bold @ http://localhost:3000/_next/static/chunks/0ly8_next_dist_1tgaskt._.js:2477
[  636385ms] [LOG] [HMR] connected @ http://localhost:3000/_next/static/chunks/0ly8_next_dist_1tgaskt._.js:2477
[ 1100581ms] [LOG] [Fast Refresh] rebuilding @ http://localhost:3000/_next/static/chunks/0ly8_next_dist_1tgaskt._.js:2477
[ 1100612ms] [LOG] [Fast Refresh] done in 28ms @ http://localhost:3000/_next/static/chunks/0ly8_next_dist_1tgaskt._.js:2477
[ 1166956ms] [LOG] [Fast Refresh] rebuilding @ http://localhost:3000/_next/static/chunks/0ly8_next_dist_1tgaskt._.js:2477
[ 1166982ms] [LOG] [Fast Refresh] done in 27ms @ http://localhost:3000/_next/static/chunks/0ly8_next_dist_1tgaskt._.js:2477
[ 1197492ms] [INFO] %cDownload the React DevTools for a better development experience: https://react.dev/link/react-devtools font-weight:bold @ http://localhost:3000/_next/static/chunks/0ly8_next_dist_1tgaskt._.js:2477
[ 1197506ms] [LOG] [HMR] connected @ http://localhost:3000/_next/static/chunks/0ly8_next_dist_1tgaskt._.js:2477
[ 1216296ms] [LOG] [Fast Refresh] rebuilding @ http://localhost:3000/_next/static/chunks/0ly8_next_dist_1tgaskt._.js:2477
[ 1216323ms] [LOG] [Fast Refresh] done in 32ms @ http://localhost:3000/_next/static/chunks/0ly8_next_dist_1tgaskt._.js:2477
[ 1242283ms] [INFO] %cDownload the React DevTools for a better development experience: https://react.dev/link/react-devtools font-weight:bold @ http://localhost:3000/_next/static/chunks/0ly8_next_dist_1tgaskt._.js:2477
[ 1242293ms] [LOG] [HMR] connected @ http://localhost:3000/_next/static/chunks/0ly8_next_dist_1tgaskt._.js:2477
[ 1408519ms] [LOG] [Fast Refresh] rebuilding @ http://localhost:3000/_next/static/chunks/0ly8_next_dist_1tgaskt._.js:2477
[ 1408548ms] [LOG] [Fast Refresh] done in 45ms @ http://localhost:3000/_next/static/chunks/0ly8_next_dist_1tgaskt._.js:2477
[ 1408638ms] [LOG] [Fast Refresh] rebuilding @ http://localhost:3000/_next/static/chunks/0ly8_next_dist_1tgaskt._.js:2477
[ 1408668ms] [LOG] [Fast Refresh] done in 73ms @ http://localhost:3000/_next/static/chunks/0ly8_next_dist_1tgaskt._.js:2477
[ 1442502ms] [LOG] [Fast Refresh] rebuilding @ http://localhost:3000/_next/static/chunks/0ly8_next_dist_1tgaskt._.js:2477
[ 1442622ms] [LOG] [Fast Refresh] done in 99ms @ http://localhost:3000/_next/static/chunks/0ly8_next_dist_1tgaskt._.js:2477
[ 1452662ms] [LOG] [Fast Refresh] rebuilding @ http://localhost:3000/_next/static/chunks/0ly8_next_dist_1tgaskt._.js:2477
[ 1452691ms] [LOG] [Fast Refresh] done in 30ms @ http://localhost:3000/_next/static/chunks/0ly8_next_dist_1tgaskt._.js:2477
[ 1452743ms] [LOG] [Fast Refresh] rebuilding @ http://localhost:3000/_next/static/chunks/0ly8_next_dist_1tgaskt._.js:2477
[ 1452772ms] [LOG] [Fast Refresh] done in 51ms @ http://localhost:3000/_next/static/chunks/0ly8_next_dist_1tgaskt._.js:2477
[ 1495029ms] [LOG] [Fast Refresh] rebuilding @ http://localhost:3000/_next/static/chunks/0ly8_next_dist_1tgaskt._.js:2477
[ 1495058ms] [LOG] [Fast Refresh] done in 39ms @ http://localhost:3000/_next/static/chunks/0ly8_next_dist_1tgaskt._.js:2477
[ 1529418ms] [LOG] [Fast Refresh] rebuilding @ http://localhost:3000/_next/static/chunks/0ly8_next_dist_1tgaskt._.js:2477
[ 1529432ms] [LOG] [Fast Refresh] done in 116ms @ http://localhost:3000/_next/static/chunks/0ly8_next_dist_1tgaskt._.js:2477
[ 1529455ms] [INFO] %cDownload the React DevTools for a better development experience: https://react.dev/link/react-devtools font-weight:bold @ http://localhost:3000/_next/static/chunks/0ly8_next_dist_1tgaskt._.js:2477
[ 1529470ms] [LOG] [HMR] connected @ http://localhost:3000/_next/static/chunks/0ly8_next_dist_1tgaskt._.js:2477
[ 1545705ms] [LOG] [Fast Refresh] rebuilding @ http://localhost:3000/_next/static/chunks/0ly8_next_dist_1tgaskt._.js:2477
[ 1545732ms] [LOG] [Fast Refresh] done in 27ms @ http://localhost:3000/_next/static/chunks/0ly8_next_dist_1tgaskt._.js:2477
[ 1581290ms] [INFO] %cDownload the React DevTools for a better development experience: https://react.dev/link/react-devtools font-weight:bold @ http://localhost:3000/_next/static/chunks/0ly8_next_dist_1tgaskt._.js:2477
[ 1581301ms] [LOG] [HMR] connected @ http://localhost:3000/_next/static/chunks/0ly8_next_dist_1tgaskt._.js:2477
[ 1820338ms] [LOG] [Fast Refresh] rebuilding @ http://localhost:3000/_next/static/chunks/0ly8_next_dist_1tgaskt._.js:2477
[ 1820367ms] [LOG] [Fast Refresh] done in 64ms @ http://localhost:3000/_next/static/chunks/0ly8_next_dist_1tgaskt._.js:2477
[ 1820423ms] [LOG] [Fast Refresh] rebuilding @ http://localhost:3000/_next/static/chunks/0ly8_next_dist_1tgaskt._.js:2477
[ 1820453ms] [LOG] [Fast Refresh] done in 47ms @ http://localhost:3000/_next/static/chunks/0ly8_next_dist_1tgaskt._.js:2477
[ 1871607ms] [LOG] [Fast Refresh] rebuilding @ http://localhost:3000/_next/static/chunks/0ly8_next_dist_1tgaskt._.js:2477
[ 1871760ms] [LOG] [Fast Refresh] done in 131ms @ http://localhost:3000/_next/static/chunks/0ly8_next_dist_1tgaskt._.js:2477
[ 1878985ms] [LOG] [Fast Refresh] rebuilding @ http://localhost:3000/_next/static/chunks/0ly8_next_dist_1tgaskt._.js:2477
[ 1879019ms] [LOG] [Fast Refresh] done in 27ms @ http://localhost:3000/_next/static/chunks/0ly8_next_dist_1tgaskt._.js:2477
[ 1885833ms] [LOG] [Fast Refresh] rebuilding @ http://localhost:3000/_next/static/chunks/0ly8_next_dist_1tgaskt._.js:2477
[ 1885860ms] [LOG] [Fast Refresh] done in 31ms @ http://localhost:3000/_next/static/chunks/0ly8_next_dist_1tgaskt._.js:2477
[ 1885903ms] [LOG] [Fast Refresh] rebuilding @ http://localhost:3000/_next/static/chunks/0ly8_next_dist_1tgaskt._.js:2477
[ 1885930ms] [LOG] [Fast Refresh] done in 30ms @ http://localhost:3000/_next/static/chunks/0ly8_next_dist_1tgaskt._.js:2477
[ 1900848ms] [LOG] [Fast Refresh] rebuilding @ http://localhost:3000/_next/static/chunks/0ly8_next_dist_1tgaskt._.js:2477
[ 1900878ms] [LOG] [Fast Refresh] done in 21ms @ http://localhost:3000/_next/static/chunks/0ly8_next_dist_1tgaskt._.js:2477
[ 1950963ms] [INFO] %cDownload the React DevTools for a better development experience: https://react.dev/link/react-devtools font-weight:bold @ http://localhost:3000/_next/static/chunks/0ly8_next_dist_1tgaskt._.js:2477
[ 1950976ms] [LOG] [HMR] connected @ http://localhost:3000/_next/static/chunks/0ly8_next_dist_1tgaskt._.js:2477
[ 1961740ms] [LOG] [Fast Refresh] rebuilding @ http://localhost:3000/_next/static/chunks/0ly8_next_dist_1tgaskt._.js:2477
[ 1961766ms] [LOG] [Fast Refresh] done in 29ms @ http://localhost:3000/_next/static/chunks/0ly8_next_dist_1tgaskt._.js:2477
[ 1991421ms] [INFO] %cDownload the React DevTools for a better development experience: https://react.dev/link/react-devtools font-weight:bold @ http://localhost:3000/_next/static/chunks/0ly8_next_dist_1tgaskt._.js:2477
[ 1991433ms] [LOG] [HMR] connected @ http://localhost:3000/_next/static/chunks/0ly8_next_dist_1tgaskt._.js:2477
[ 2019557ms] [INFO] %cDownload the React DevTools for a better development experience: https://react.dev/link/react-devtools font-weight:bold @ http://localhost:3000/_next/static/chunks/0ly8_next_dist_1tgaskt._.js:2477
[ 2019569ms] [LOG] [HMR] connected @ http://localhost:3000/_next/static/chunks/0ly8_next_dist_1tgaskt._.js:2477
[ 2037686ms] [LOG] [Fast Refresh] rebuilding @ http://localhost:3000/_next/static/chunks/0ly8_next_dist_1tgaskt._.js:2477
[ 2037716ms] [LOG] [Fast Refresh] done in 42ms @ http://localhost:3000/_next/static/chunks/0ly8_next_dist_1tgaskt._.js:2477
[ 2178771ms] [INFO] %cDownload the React DevTools for a better development experience: https://react.dev/link/react-devtools font-weight:bold @ http://localhost:3000/_next/static/chunks/0ly8_next_dist_1tgaskt._.js:2477
[ 2178784ms] [LOG] [HMR] connected @ http://localhost:3000/_next/static/chunks/0ly8_next_dist_1tgaskt._.js:2477
[ 2245832ms] [LOG] [Fast Refresh] rebuilding @ http://localhost:3000/_next/static/chunks/0ly8_next_dist_1tgaskt._.js:2477
[ 2245862ms] [LOG] [Fast Refresh] done in 29ms @ http://localhost:3000/_next/static/chunks/0ly8_next_dist_1tgaskt._.js:2477
[ 2272565ms] [INFO] %cDownload the React DevTools for a better development experience: https://react.dev/link/react-devtools font-weight:bold @ http://localhost:3000/_next/static/chunks/0ly8_next_dist_1tgaskt._.js:2477
[ 2272578ms] [LOG] [HMR] connected @ http://localhost:3000/_next/static/chunks/0ly8_next_dist_1tgaskt._.js:2477
[ 2378490ms] [LOG] [Fast Refresh] rebuilding @ http://localhost:3000/_next/static/chunks/0ly8_next_dist_1tgaskt._.js:2477
[ 2378521ms] [LOG] [Fast Refresh] done in 63ms @ http://localhost:3000/_next/static/chunks/0ly8_next_dist_1tgaskt._.js:2477
[ 2392153ms] [LOG] [Fast Refresh] rebuilding @ http://localhost:3000/_next/static/chunks/0ly8_next_dist_1tgaskt._.js:2477
[ 2392183ms] [LOG] [Fast Refresh] done in 48ms @ http://localhost:3000/_next/static/chunks/0ly8_next_dist_1tgaskt._.js:2477
[ 2423280ms] [INFO] %cDownload the React DevTools for a better development experience: https://react.dev/link/react-devtools font-weight:bold @ http://localhost:3000/_next/static/chunks/0ly8_next_dist_1tgaskt._.js:2477
[ 2423293ms] [LOG] [HMR] connected @ http://localhost:3000/_next/static/chunks/0ly8_next_dist_1tgaskt._.js:2477
[ 2972450ms] [LOG] [Fast Refresh] rebuilding @ http://localhost:3000/_next/static/chunks/0ly8_next_dist_1tgaskt._.js:2477
[ 2972493ms] [ERROR] ./packages/ui/src/components/word-rotate.tsx:94:9
Expression expected
  92 |         {safeWords.reduce((longest, word) =>
  93 |           word.length > longest.length ? word : longest,
> 94 |         >
     |         ^
  95 |           {safeWords[0]}
  96 |         )}
  97 |       </span>

Parsing ecmascript source code failed

Import traces:
  Client Component Browser:
    ./packages/ui/src/components/word-rotate.tsx [Client Component Browser]
    ./apps/web/app/trip/_components/trip-timeline.tsx [Client Component Browser]
    ./apps/web/app/trip/_components/trip-schedule-page.tsx [Client Component Browser]
    ./apps/web/app/trip/_components/trip-schedule-page.tsx [Server Component]
    ./apps/web/app/trip/[slug]/schedule/page.tsx [Server Component]

  Client Component SSR:
    ./packages/ui/src/components/word-rotate.tsx [Client Component SSR]
    ./apps/web/app/trip/_components/trip-timeline.tsx [Client Component SSR]
    ./apps/web/app/trip/_components/trip-schedule-page.tsx [Client Component SSR]
    ./apps/web/app/trip/_components/trip-schedule-page.tsx [Server Component]
    ./apps/web/app/trip/[slug]/schedule/page.tsx [Server Component] @ http://localhost:3000/_next/static/chunks/0ly8_next_dist_1tgaskt._.js:3318
[ 2999380ms] [LOG] [Fast Refresh] rebuilding @ http://localhost:3000/_next/static/chunks/0ly8_next_dist_1tgaskt._.js:2477
[ 2999442ms] [LOG] [Fast Refresh] done in 29ms @ http://localhost:3000/_next/static/chunks/0ly8_next_dist_1tgaskt._.js:2477
[ 3014418ms] [LOG] [Fast Refresh] rebuilding @ http://localhost:3000/_next/static/chunks/0ly8_next_dist_1tgaskt._.js:2477
[ 3014447ms] [LOG] [Fast Refresh] done in 26ms @ http://localhost:3000/_next/static/chunks/0ly8_next_dist_1tgaskt._.js:2477
[ 3437355ms] [INFO] %cDownload the React DevTools for a better development experience: https://react.dev/link/react-devtools font-weight:bold @ http://localhost:3000/_next/static/chunks/0ly8_next_dist_1tgaskt._.js:2477
[ 3437368ms] [LOG] [HMR] connected @ http://localhost:3000/_next/static/chunks/0ly8_next_dist_1tgaskt._.js:2477
[ 3811048ms] [ERROR] Failed to load resource: the server responded with a status of 400 () @ https://place.map.kakao.com/place/is-login-user/:0
[ 3812174ms] [ERROR] Failed to load resource: the server responded with a status of 400 () @ https://place.map.kakao.com/place/is-login-user/:0
[ 3812314ms] [ERROR] Failed to load resource: the server responded with a status of 400 () @ https://place.map.kakao.com/place/is-login-user/:0
[ 3812798ms] [ERROR] Failed to load resource: the server responded with a status of 400 () @ https://place.map.kakao.com/place/is-login-user/:0
[ 3814002ms] [ERROR] Failed to load resource: the server responded with a status of 400 () @ https://place.map.kakao.com/place/is-login-user/:0
[ 3814449ms] [ERROR] Failed to load resource: the server responded with a status of 400 () @ https://place.map.kakao.com/place/is-login-user/:0
[ 3815398ms] [ERROR] Failed to load resource: the server responded with a status of 429 () @ https://aem-kakao-collector.onkakao.net/api/13861/envelope/?sentry_version=7&sentry_key=8d113b96254c408e931211e7c4e22c2f&sentry_client=sentry.javascript.browser%2F9.47.1:0
[ 3815398ms] [ERROR] Failed to load resource: the server responded with a status of 400 () @ https://place.map.kakao.com/place/is-login-user/:0
[ 3817701ms] [ERROR] Failed to load resource: the server responded with a status of 400 () @ https://place.map.kakao.com/place/is-login-user/:0
[ 3817886ms] [ERROR] Failed to load resource: the server responded with a status of 400 () @ https://place.map.kakao.com/place/is-login-user/:0
[ 3818881ms] [ERROR] Failed to load resource: the server responded with a status of 400 () @ https://place.map.kakao.com/place/is-login-user/:0
[ 3819854ms] [ERROR] Failed to load resource: the server responded with a status of 400 () @ https://place.map.kakao.com/place/is-login-user/:0
[ 3820715ms] [ERROR] Failed to load resource: the server responded with a status of 400 () @ https://place.map.kakao.com/place/is-login-user/:0
[ 3820914ms] [ERROR] Failed to load resource: the server responded with a status of 400 () @ https://place.map.kakao.com/place/is-login-user/:0
[ 3821235ms] [ERROR] Failed to load resource: the server responded with a status of 400 () @ https://place.map.kakao.com/place/is-login-user/:0
[ 3822398ms] [ERROR] Failed to load resource: the server responded with a status of 400 () @ https://place.map.kakao.com/place/is-login-user/:0
[ 3822821ms] [ERROR] Failed to load resource: the server responded with a status of 400 () @ https://place.map.kakao.com/place/is-login-user/:0
[ 3823717ms] [ERROR] Failed to load resource: the server responded with a status of 400 () @ https://place.map.kakao.com/place/is-login-user/:0
[ 3824123ms] [ERROR] Failed to load resource: the server responded with a status of 400 () @ https://place.map.kakao.com/place/is-login-user/:0
[ 3846495ms] [ERROR] Failed to load resource: the server responded with a status of 400 () @ https://place.map.kakao.com/place/is-login-user/:0
[ 3846898ms] [ERROR] Failed to load resource: the server responded with a status of 400 () @ https://place.map.kakao.com/place/is-login-user/:0
[ 3847321ms] [ERROR] Failed to load resource: the server responded with a status of 400 () @ https://place.map.kakao.com/place/is-login-user/:0
[ 3847691ms] [ERROR] Failed to load resource: the server responded with a status of 400 () @ https://place.map.kakao.com/place/is-login-user/:0
[ 3848250ms] [ERROR] Failed to load resource: the server responded with a status of 400 () @ https://place.map.kakao.com/place/is-login-user/:0
[ 3848583ms] [ERROR] Failed to load resource: the server responded with a status of 400 () @ https://place.map.kakao.com/place/is-login-user/:0
[ 3849123ms] [ERROR] Failed to load resource: the server responded with a status of 400 () @ https://place.map.kakao.com/place/is-login-user/:0
[ 3849703ms] [ERROR] Failed to load resource: the server responded with a status of 400 () @ https://place.map.kakao.com/place/is-login-user/:0
[ 3850455ms] [ERROR] Failed to load resource: the server responded with a status of 400 () @ https://place.map.kakao.com/place/is-login-user/:0
[ 3850960ms] [ERROR] Failed to load resource: the server responded with a status of 400 () @ https://place.map.kakao.com/place/is-login-user/:0
[ 3851374ms] [ERROR] Failed to load resource: the server responded with a status of 400 () @ https://place.map.kakao.com/place/is-login-user/:0
[ 3852155ms] [ERROR] Failed to load resource: the server responded with a status of 400 () @ https://place.map.kakao.com/place/is-login-user/:0
[ 3852455ms] [ERROR] Failed to load resource: the server responded with a status of 400 () @ https://place.map.kakao.com/place/is-login-user/:0
[ 3852914ms] [ERROR] Failed to load resource: the server responded with a status of 400 () @ https://place.map.kakao.com/place/is-login-user/:0
[ 3853306ms] [ERROR] Failed to load resource: the server responded with a status of 400 () @ https://place.map.kakao.com/place/is-login-user/:0
[ 3856773ms] [ERROR] Failed to load resource: the server responded with a status of 400 () @ https://place.map.kakao.com/place/is-login-user/:0
[ 3857786ms] [ERROR] Failed to load resource: the server responded with a status of 400 () @ https://place.map.kakao.com/place/is-login-user/:0
[ 3981122ms] [INFO] %cDownload the React DevTools for a better development experience: https://react.dev/link/react-devtools font-weight:bold @ http://localhost:3000/_next/static/chunks/0ly8_next_dist_1tgaskt._.js:2477
[ 3981158ms] [LOG] [HMR] connected @ http://localhost:3000/_next/static/chunks/0ly8_next_dist_1tgaskt._.js:2477
[ 4764353ms] [LOG] [Fast Refresh] rebuilding @ http://localhost:3000/_next/static/chunks/0ly8_next_dist_1tgaskt._.js:2477
[ 4764420ms] [LOG] [Fast Refresh] done in 34ms @ http://localhost:3000/_next/static/chunks/0ly8_next_dist_1tgaskt._.js:2477
[ 4781346ms] [LOG] [Fast Refresh] rebuilding @ http://localhost:3000/_next/static/chunks/0ly8_next_dist_1tgaskt._.js:2477
[ 4781575ms] [LOG] [Fast Refresh] done in 212ms @ http://localhost:3000/_next/static/chunks/0ly8_next_dist_1tgaskt._.js:2477
[ 4781689ms] [LOG] [Fast Refresh] rebuilding @ http://localhost:3000/_next/static/chunks/0ly8_next_dist_1tgaskt._.js:2477
[ 4782262ms] [LOG] [Fast Refresh] done in 675ms @ http://localhost:3000/_next/static/chunks/0ly8_next_dist_1tgaskt._.js:2477
[ 4795981ms] [LOG] [Fast Refresh] rebuilding @ http://localhost:3000/_next/static/chunks/0ly8_next_dist_1tgaskt._.js:2477
[ 4796009ms] [LOG] [Fast Refresh] done in 27ms @ http://localhost:3000/_next/static/chunks/0ly8_next_dist_1tgaskt._.js:2477
[ 4985769ms] [LOG] [Fast Refresh] rebuilding @ http://localhost:3000/_next/static/chunks/0ly8_next_dist_1tgaskt._.js:2477
[ 4985812ms] [LOG] [Fast Refresh] done in 145ms @ http://localhost:3000/_next/static/chunks/0ly8_next_dist_1tgaskt._.js:2477
[10673420ms] [LOG] [Fast Refresh] rebuilding @ http://localhost:3000/_next/static/chunks/0ly8_next_dist_1tgaskt._.js:2477
[10673422ms] [LOG] [Fast Refresh] done in 104ms @ http://localhost:3000/_next/static/chunks/0ly8_next_dist_1tgaskt._.js:2477
