[     117ms] [INFO] %cDownload the React DevTools for a better development experience: https://react.dev/link/react-devtools font-weight:bold @ http://localhost:3000/_next/static/chunks/0ly8_next_dist_1tgaskt._.js:2477
[     126ms] [LOG] [HMR] connected @ http://localhost:3000/_next/static/chunks/0ly8_next_dist_1tgaskt._.js:2477
[    5401ms] [WARNING] You are trying to animate backgroundColor from "transparent" to "#5227FF". "transparent" is not an animatable value.. For more information and steps for solving, visit https://motion.dev/troubleshooting/value-not-animatable @ http://localhost:3000/_next/static/chunks/0ly8_next_dist_1tgaskt._.js:2477
[   10619ms] [WARNING] You are trying to animate backgroundColor from "transparent" to "#5227FF". "transparent" is not an animatable value.. For more information and steps for solving, visit https://motion.dev/troubleshooting/value-not-animatable @ http://localhost:3000/_next/static/chunks/0ly8_next_dist_1tgaskt._.js:2477
[   15835ms] [WARNING] You are trying to animate backgroundColor from "transparent" to "#5227FF". "transparent" is not an animatable value.. For more information and steps for solving, visit https://motion.dev/troubleshooting/value-not-animatable @ http://localhost:3000/_next/static/chunks/0ly8_next_dist_1tgaskt._.js:2477
[   21052ms] [WARNING] You are trying to animate backgroundColor from "transparent" to "#5227FF". "transparent" is not an animatable value.. For more information and steps for solving, visit https://motion.dev/troubleshooting/value-not-animatable @ http://localhost:3000/_next/static/chunks/0ly8_next_dist_1tgaskt._.js:2477
[   26269ms] [WARNING] You are trying to animate backgroundColor from "transparent" to "#5227FF". "transparent" is not an animatable value.. For more information and steps for solving, visit https://motion.dev/troubleshooting/value-not-animatable @ http://localhost:3000/_next/static/chunks/0ly8_next_dist_1tgaskt._.js:2477
[   29457ms] [LOG] [Fast Refresh] rebuilding @ http://localhost:3000/_next/static/chunks/0ly8_next_dist_1tgaskt._.js:2477
[   29485ms] [LOG] [Fast Refresh] done in 27ms @ http://localhost:3000/_next/static/chunks/0ly8_next_dist_1tgaskt._.js:2477
[   31485ms] [WARNING] You are trying to animate backgroundColor from "transparent" to "#5227FF". "transparent" is not an animatable value.. For more information and steps for solving, visit https://motion.dev/troubleshooting/value-not-animatable @ http://localhost:3000/_next/static/chunks/0ly8_next_dist_1tgaskt._.js:2477
[   36702ms] [WARNING] You are trying to animate backgroundColor from "#5227FF" to "transparent". "transparent" is not an animatable value.. For more information and steps for solving, visit https://motion.dev/troubleshooting/value-not-animatable @ http://localhost:3000/_next/static/chunks/0ly8_next_dist_1tgaskt._.js:2477
[   36702ms] [WARNING] You are trying to animate backgroundColor from "#5227FF" to "transparent". "transparent" is not an animatable value.. For more information and steps for solving, visit https://motion.dev/troubleshooting/value-not-animatable @ http://localhost:3000/_next/static/chunks/0ly8_next_dist_1tgaskt._.js:2477
[   36702ms] [WARNING] You are trying to animate backgroundColor from "#5227FF" to "transparent". "transparent" is not an animatable value.. For more information and steps for solving, visit https://motion.dev/troubleshooting/value-not-animatable @ http://localhost:3000/_next/static/chunks/0ly8_next_dist_1tgaskt._.js:2477
[   36702ms] [WARNING] You are trying to animate backgroundColor from "#5227FF" to "transparent". "transparent" is not an animatable value.. For more information and steps for solving, visit https://motion.dev/troubleshooting/value-not-animatable @ http://localhost:3000/_next/static/chunks/0ly8_next_dist_1tgaskt._.js:2477
[   36702ms] [WARNING] You are trying to animate backgroundColor from "#5227FF" to "transparent". "transparent" is not an animatable value.. For more information and steps for solving, visit https://motion.dev/troubleshooting/value-not-animatable @ http://localhost:3000/_next/static/chunks/0ly8_next_dist_1tgaskt._.js:2477
[   36703ms] [WARNING] You are trying to animate backgroundColor from "#5227FF" to "transparent". "transparent" is not an animatable value.. For more information and steps for solving, visit https://motion.dev/troubleshooting/value-not-animatable @ http://localhost:3000/_next/static/chunks/0ly8_next_dist_1tgaskt._.js:2477
[   41919ms] [WARNING] You are trying to animate backgroundColor from "transparent" to "#5227FF". "transparent" is not an animatable value.. For more information and steps for solving, visit https://motion.dev/troubleshooting/value-not-animatable @ http://localhost:3000/_next/static/chunks/0ly8_next_dist_1tgaskt._.js:2477
[   47136ms] [WARNING] You are trying to animate backgroundColor from "transparent" to "#5227FF". "transparent" is not an animatable value.. For more information and steps for solving, visit https://motion.dev/troubleshooting/value-not-animatable @ http://localhost:3000/_next/static/chunks/0ly8_next_dist_1tgaskt._.js:2477
[   52364ms] [WARNING] You are trying to animate backgroundColor from "transparent" to "#5227FF". "transparent" is not an animatable value.. For more information and steps for solving, visit https://motion.dev/troubleshooting/value-not-animatable @ http://localhost:3000/_next/static/chunks/0ly8_next_dist_1tgaskt._.js:2477
[   57569ms] [WARNING] You are trying to animate backgroundColor from "transparent" to "#5227FF". "transparent" is not an animatable value.. For more information and steps for solving, visit https://motion.dev/troubleshooting/value-not-animatable @ http://localhost:3000/_next/static/chunks/0ly8_next_dist_1tgaskt._.js:2477
[   62786ms] [WARNING] You are trying to animate backgroundColor from "transparent" to "#5227FF". "transparent" is not an animatable value.. For more information and steps for solving, visit https://motion.dev/troubleshooting/value-not-animatable @ http://localhost:3000/_next/static/chunks/0ly8_next_dist_1tgaskt._.js:2477
[   68003ms] [WARNING] You are trying to animate backgroundColor from "transparent" to "#5227FF". "transparent" is not an animatable value.. For more information and steps for solving, visit https://motion.dev/troubleshooting/value-not-animatable @ http://localhost:3000/_next/static/chunks/0ly8_next_dist_1tgaskt._.js:2477
[   73220ms] [WARNING] You are trying to animate backgroundColor from "#5227FF" to "transparent". "transparent" is not an animatable value.. For more information and steps for solving, visit https://motion.dev/troubleshooting/value-not-animatable @ http://localhost:3000/_next/static/chunks/0ly8_next_dist_1tgaskt._.js:2477
[   73220ms] [WARNING] You are trying to animate backgroundColor from "#5227FF" to "transparent". "transparent" is not an animatable value.. For more information and steps for solving, visit https://motion.dev/troubleshooting/value-not-animatable @ http://localhost:3000/_next/static/chunks/0ly8_next_dist_1tgaskt._.js:2477
[   73220ms] [WARNING] You are trying to animate backgroundColor from "#5227FF" to "transparent". "transparent" is not an animatable value.. For more information and steps for solving, visit https://motion.dev/troubleshooting/value-not-animatable @ http://localhost:3000/_next/static/chunks/0ly8_next_dist_1tgaskt._.js:2477
[   73220ms] [WARNING] You are trying to animate backgroundColor from "#5227FF" to "transparent". "transparent" is not an animatable value.. For more information and steps for solving, visit https://motion.dev/troubleshooting/value-not-animatable @ http://localhost:3000/_next/static/chunks/0ly8_next_dist_1tgaskt._.js:2477
[   73220ms] [WARNING] You are trying to animate backgroundColor from "#5227FF" to "transparent". "transparent" is not an animatable value.. For more information and steps for solving, visit https://motion.dev/troubleshooting/value-not-animatable @ http://localhost:3000/_next/static/chunks/0ly8_next_dist_1tgaskt._.js:2477
[   73220ms] [WARNING] You are trying to animate backgroundColor from "#5227FF" to "transparent". "transparent" is not an animatable value.. For more information and steps for solving, visit https://motion.dev/troubleshooting/value-not-animatable @ http://localhost:3000/_next/static/chunks/0ly8_next_dist_1tgaskt._.js:2477
[   78436ms] [WARNING] You are trying to animate backgroundColor from "transparent" to "#5227FF". "transparent" is not an animatable value.. For more information and steps for solving, visit https://motion.dev/troubleshooting/value-not-animatable @ http://localhost:3000/_next/static/chunks/0ly8_next_dist_1tgaskt._.js:2477
[   83653ms] [WARNING] You are trying to animate backgroundColor from "transparent" to "#5227FF". "transparent" is not an animatable value.. For more information and steps for solving, visit https://motion.dev/troubleshooting/value-not-animatable @ http://localhost:3000/_next/static/chunks/0ly8_next_dist_1tgaskt._.js:2477
[   88870ms] [WARNING] You are trying to animate backgroundColor from "transparent" to "#5227FF". "transparent" is not an animatable value.. For more information and steps for solving, visit https://motion.dev/troubleshooting/value-not-animatable @ http://localhost:3000/_next/static/chunks/0ly8_next_dist_1tgaskt._.js:2477
[   91836ms] [LOG] [Fast Refresh] rebuilding @ http://localhost:3000/_next/static/chunks/0ly8_next_dist_1tgaskt._.js:2477
[   91865ms] [LOG] [Fast Refresh] done in 28ms @ http://localhost:3000/_next/static/chunks/0ly8_next_dist_1tgaskt._.js:2477
[   94087ms] [WARNING] You are trying to animate backgroundColor from "transparent" to "#5227FF". "transparent" is not an animatable value.. For more information and steps for solving, visit https://motion.dev/troubleshooting/value-not-animatable @ http://localhost:3000/_next/static/chunks/0ly8_next_dist_1tgaskt._.js:2477
[   99303ms] [WARNING] You are trying to animate backgroundColor from "transparent" to "#5227FF". "transparent" is not an animatable value.. For more information and steps for solving, visit https://motion.dev/troubleshooting/value-not-animatable @ http://localhost:3000/_next/static/chunks/0ly8_next_dist_1tgaskt._.js:2477
[  104520ms] [WARNING] You are trying to animate backgroundColor from "transparent" to "#5227FF". "transparent" is not an animatable value.. For more information and steps for solving, visit https://motion.dev/troubleshooting/value-not-animatable @ http://localhost:3000/_next/static/chunks/0ly8_next_dist_1tgaskt._.js:2477
[  109737ms] [WARNING] You are trying to animate backgroundColor from "#5227FF" to "transparent". "transparent" is not an animatable value.. For more information and steps for solving, visit https://motion.dev/troubleshooting/value-not-animatable @ http://localhost:3000/_next/static/chunks/0ly8_next_dist_1tgaskt._.js:2477
[  109737ms] [WARNING] You are trying to animate backgroundColor from "#5227FF" to "transparent". "transparent" is not an animatable value.. For more information and steps for solving, visit https://motion.dev/troubleshooting/value-not-animatable @ http://localhost:3000/_next/static/chunks/0ly8_next_dist_1tgaskt._.js:2477
[  109737ms] [WARNING] You are trying to animate backgroundColor from "#5227FF" to "transparent". "transparent" is not an animatable value.. For more information and steps for solving, visit https://motion.dev/troubleshooting/value-not-animatable @ http://localhost:3000/_next/static/chunks/0ly8_next_dist_1tgaskt._.js:2477
[  109737ms] [WARNING] You are trying to animate backgroundColor from "#5227FF" to "transparent". "transparent" is not an animatable value.. For more information and steps for solving, visit https://motion.dev/troubleshooting/value-not-animatable @ http://localhost:3000/_next/static/chunks/0ly8_next_dist_1tgaskt._.js:2477
[  109737ms] [WARNING] You are trying to animate backgroundColor from "#5227FF" to "transparent". "transparent" is not an animatable value.. For more information and steps for solving, visit https://motion.dev/troubleshooting/value-not-animatable @ http://localhost:3000/_next/static/chunks/0ly8_next_dist_1tgaskt._.js:2477
[  109737ms] [WARNING] You are trying to animate backgroundColor from "#5227FF" to "transparent". "transparent" is not an animatable value.. For more information and steps for solving, visit https://motion.dev/troubleshooting/value-not-animatable @ http://localhost:3000/_next/static/chunks/0ly8_next_dist_1tgaskt._.js:2477
