[      89ms] [INFO] %cDownload the React DevTools for a better development experience: https://react.dev/link/react-devtools font-weight:bold @ http://localhost:3000/_next/static/chunks/0ly8_next_dist_1tgaskt._.js:2477
[      97ms] [LOG] [HMR] connected @ http://localhost:3000/_next/static/chunks/0ly8_next_dist_1tgaskt._.js:2477
[   67730ms] [LOG] [Fast Refresh] rebuilding @ http://localhost:3000/_next/static/chunks/0ly8_next_dist_1tgaskt._.js:2477
[   67766ms] [LOG] [Fast Refresh] done in 137ms @ http://localhost:3000/_next/static/chunks/0ly8_next_dist_1tgaskt._.js:2477
[   80825ms] [INFO] %cDownload the React DevTools for a better development experience: https://react.dev/link/react-devtools font-weight:bold @ http://localhost:3000/_next/static/chunks/0ly8_next_dist_1tgaskt._.js:2477
[   80840ms] [LOG] [HMR] connected @ http://localhost:3000/_next/static/chunks/0ly8_next_dist_1tgaskt._.js:2477
[  128380ms] [ERROR] WebSocket connection to 'ws://localhost:3000/_next/webpack-hmr?id=JtIWNXkoia9vgBbxtnR9E' failed: Error in connection establishment: net::ERR_CONNECTION_REFUSED @ http://localhost:3000/_next/static/chunks/0ly8_next_dist_client_1ri-qb-._.js:13422
[  129383ms] [ERROR] WebSocket connection to 'ws://localhost:3000/_next/webpack-hmr?id=JtIWNXkoia9vgBbxtnR9E' failed: Error in connection establishment: net::ERR_CONNECTION_REFUSED @ http://localhost:3000/_next/static/chunks/0ly8_next_dist_client_1ri-qb-._.js:13422
[  130385ms] [ERROR] WebSocket connection to 'ws://localhost:3000/_next/webpack-hmr?id=JtIWNXkoia9vgBbxtnR9E' failed: Error in connection establishment: net::ERR_CONNECTION_REFUSED @ http://localhost:3000/_next/static/chunks/0ly8_next_dist_client_1ri-qb-._.js:13422
[  131390ms] [ERROR] WebSocket connection to 'ws://localhost:3000/_next/webpack-hmr?id=JtIWNXkoia9vgBbxtnR9E' failed: Error in connection establishment: net::ERR_CONNECTION_REFUSED @ http://localhost:3000/_next/static/chunks/0ly8_next_dist_client_1ri-qb-._.js:13422
[  132391ms] [ERROR] WebSocket connection to 'ws://localhost:3000/_next/webpack-hmr?id=JtIWNXkoia9vgBbxtnR9E' failed: Error in connection establishment: net::ERR_CONNECTION_REFUSED @ http://localhost:3000/_next/static/chunks/0ly8_next_dist_client_1ri-qb-._.js:13422
[  137394ms] [ERROR] WebSocket connection to 'ws://localhost:3000/_next/webpack-hmr?id=JtIWNXkoia9vgBbxtnR9E' failed: Error in connection establishment: net::ERR_CONNECTION_REFUSED @ http://localhost:3000/_next/static/chunks/0ly8_next_dist_client_1ri-qb-._.js:13422
[  142400ms] [LOG] [HMR] connected @ http://localhost:3000/_next/static/chunks/0ly8_next_dist_1tgaskt._.js:2477
[  142651ms] [INFO] %cDownload the React DevTools for a better development experience: https://react.dev/link/react-devtools font-weight:bold @ http://localhost:3000/_next/static/chunks/0ly8_next_dist_1tgaskt._.js:2477
[  142663ms] [LOG] [HMR] connected @ http://localhost:3000/_next/static/chunks/0ly8_next_dist_1tgaskt._.js:2477
[  160012ms] [ERROR] WebSocket connection to 'ws://localhost:3000/_next/webpack-hmr?id=FvDHaDZODo437ajtjEHTQ' failed: Error in connection establishment: net::ERR_CONNECTION_REFUSED @ http://localhost:3000/_next/static/chunks/0ly8_next_dist_client_1ri-qb-._.js:13422
[  161014ms] [ERROR] WebSocket connection to 'ws://localhost:3000/_next/webpack-hmr?id=FvDHaDZODo437ajtjEHTQ' failed: Error in connection establishment: net::ERR_CONNECTION_REFUSED @ http://localhost:3000/_next/static/chunks/0ly8_next_dist_client_1ri-qb-._.js:13422
[  162016ms] [ERROR] WebSocket connection to 'ws://localhost:3000/_next/webpack-hmr?id=FvDHaDZODo437ajtjEHTQ' failed: Error in connection establishment: net::ERR_CONNECTION_REFUSED @ http://localhost:3000/_next/static/chunks/0ly8_next_dist_client_1ri-qb-._.js:13422
[  163018ms] [ERROR] WebSocket connection to 'ws://localhost:3000/_next/webpack-hmr?id=FvDHaDZODo437ajtjEHTQ' failed: Error in connection establishment: net::ERR_CONNECTION_REFUSED @ http://localhost:3000/_next/static/chunks/0ly8_next_dist_client_1ri-qb-._.js:13422
[  164021ms] [ERROR] WebSocket connection to 'ws://localhost:3000/_next/webpack-hmr?id=FvDHaDZODo437ajtjEHTQ' failed: Error in connection establishment: net::ERR_CONNECTION_REFUSED @ http://localhost:3000/_next/static/chunks/0ly8_next_dist_client_1ri-qb-._.js:13422
[  169023ms] [ERROR] WebSocket connection to 'ws://localhost:3000/_next/webpack-hmr?id=FvDHaDZODo437ajtjEHTQ' failed: Error in connection establishment: net::ERR_CONNECTION_REFUSED @ http://localhost:3000/_next/static/chunks/0ly8_next_dist_client_1ri-qb-._.js:13422
[  174025ms] [ERROR] WebSocket connection to 'ws://localhost:3000/_next/webpack-hmr?id=FvDHaDZODo437ajtjEHTQ' failed: Error in connection establishment: net::ERR_CONNECTION_REFUSED @ http://localhost:3000/_next/static/chunks/0ly8_next_dist_client_1ri-qb-._.js:13422
[  179028ms] [ERROR] WebSocket connection to 'ws://localhost:3000/_next/webpack-hmr?id=FvDHaDZODo437ajtjEHTQ' failed: Error in connection establishment: net::ERR_CONNECTION_REFUSED @ http://localhost:3000/_next/static/chunks/0ly8_next_dist_client_1ri-qb-._.js:13422
[  184030ms] [ERROR] WebSocket connection to 'ws://localhost:3000/_next/webpack-hmr?id=FvDHaDZODo437ajtjEHTQ' failed: Error in connection establishment: net::ERR_CONNECTION_REFUSED @ http://localhost:3000/_next/static/chunks/0ly8_next_dist_client_1ri-qb-._.js:13422
[  189032ms] [ERROR] WebSocket connection to 'ws://localhost:3000/_next/webpack-hmr?id=FvDHaDZODo437ajtjEHTQ' failed: Error in connection establishment: net::ERR_CONNECTION_REFUSED @ http://localhost:3000/_next/static/chunks/0ly8_next_dist_client_1ri-qb-._.js:13422
[  194035ms] [ERROR] WebSocket connection to 'ws://localhost:3000/_next/webpack-hmr?id=FvDHaDZODo437ajtjEHTQ' failed: Error in connection establishment: net::ERR_CONNECTION_REFUSED @ http://localhost:3000/_next/static/chunks/0ly8_next_dist_client_1ri-qb-._.js:13422
[  199038ms] [ERROR] WebSocket connection to 'ws://localhost:3000/_next/webpack-hmr?id=FvDHaDZODo437ajtjEHTQ' failed: Error in connection establishment: net::ERR_CONNECTION_REFUSED @ http://localhost:3000/_next/static/chunks/0ly8_next_dist_client_1ri-qb-._.js:13422
