[      78ms] [INFO] %cDownload the React DevTools for a better development experience: https://react.dev/link/react-devtools font-weight:bold @ http://localhost:3002/_next/static/chunks/0ly8_next_dist_1tgaskt._.js:2477
[      88ms] [LOG] [HMR] connected @ http://localhost:3002/_next/static/chunks/0ly8_next_dist_1tgaskt._.js:2477
[   39316ms] [LOG] [Fast Refresh] rebuilding @ http://localhost:3002/_next/static/chunks/0ly8_next_dist_1tgaskt._.js:2477
[   39345ms] [LOG] [Fast Refresh] done in 28ms @ http://localhost:3002/_next/static/chunks/0ly8_next_dist_1tgaskt._.js:2477
[  394502ms] [LOG] [Fast Refresh] rebuilding @ http://localhost:3002/_next/static/chunks/0ly8_next_dist_1tgaskt._.js:2477
[  394529ms] [LOG] [Fast Refresh] done in 31ms @ http://localhost:3002/_next/static/chunks/0ly8_next_dist_1tgaskt._.js:2477
[  405698ms] [LOG] [Fast Refresh] rebuilding @ http://localhost:3002/_next/static/chunks/0ly8_next_dist_1tgaskt._.js:2477
[  405726ms] [LOG] [Fast Refresh] done in 47ms @ http://localhost:3002/_next/static/chunks/0ly8_next_dist_1tgaskt._.js:2477
[  503067ms] [ERROR] WebSocket connection to 'ws://localhost:3002/_next/webpack-hmr?id=ZDQVGqjib_c8fyI_7E7Pw' failed: Error in connection establishment: net::ERR_CONNECTION_REFUSED @ http://localhost:3002/_next/static/chunks/0ly8_next_dist_client_1ri-qb-._.js:13422
[  504070ms] [ERROR] WebSocket connection to 'ws://localhost:3002/_next/webpack-hmr?id=ZDQVGqjib_c8fyI_7E7Pw' failed: Error in connection establishment: net::ERR_CONNECTION_REFUSED @ http://localhost:3002/_next/static/chunks/0ly8_next_dist_client_1ri-qb-._.js:13422
[  505073ms] [ERROR] WebSocket connection to 'ws://localhost:3002/_next/webpack-hmr?id=ZDQVGqjib_c8fyI_7E7Pw' failed: Error in connection establishment: net::ERR_CONNECTION_REFUSED @ http://localhost:3002/_next/static/chunks/0ly8_next_dist_client_1ri-qb-._.js:13422
[  506076ms] [ERROR] WebSocket connection to 'ws://localhost:3002/_next/webpack-hmr?id=ZDQVGqjib_c8fyI_7E7Pw' failed: Error in connection establishment: net::ERR_CONNECTION_REFUSED @ http://localhost:3002/_next/static/chunks/0ly8_next_dist_client_1ri-qb-._.js:13422
[  507083ms] [ERROR] WebSocket connection to 'ws://localhost:3002/_next/webpack-hmr?id=ZDQVGqjib_c8fyI_7E7Pw' failed: Error in connection establishment: net::ERR_CONNECTION_REFUSED @ http://localhost:3002/_next/static/chunks/0ly8_next_dist_client_1ri-qb-._.js:13422
[  512091ms] [ERROR] WebSocket connection to 'ws://localhost:3002/_next/webpack-hmr?id=ZDQVGqjib_c8fyI_7E7Pw' failed: Error in connection establishment: net::ERR_CONNECTION_REFUSED @ http://localhost:3002/_next/static/chunks/0ly8_next_dist_client_1ri-qb-._.js:13422
[  517101ms] [ERROR] WebSocket connection to 'ws://localhost:3002/_next/webpack-hmr?id=ZDQVGqjib_c8fyI_7E7Pw' failed: Error in connection establishment: net::ERR_CONNECTION_REFUSED @ http://localhost:3002/_next/static/chunks/0ly8_next_dist_client_1ri-qb-._.js:13422
[  522111ms] [ERROR] WebSocket connection to 'ws://localhost:3002/_next/webpack-hmr?id=ZDQVGqjib_c8fyI_7E7Pw' failed: Error in connection establishment: net::ERR_CONNECTION_REFUSED @ http://localhost:3002/_next/static/chunks/0ly8_next_dist_client_1ri-qb-._.js:13422
[  527138ms] [ERROR] WebSocket connection to 'ws://localhost:3002/_next/webpack-hmr?id=ZDQVGqjib_c8fyI_7E7Pw' failed: Error in connection establishment: net::ERR_CONNECTION_REFUSED @ http://localhost:3002/_next/static/chunks/0ly8_next_dist_client_1ri-qb-._.js:13422
[  532176ms] [ERROR] WebSocket connection to 'ws://localhost:3002/_next/webpack-hmr?id=ZDQVGqjib_c8fyI_7E7Pw' failed: Error in connection establishment: net::ERR_CONNECTION_REFUSED @ http://localhost:3002/_next/static/chunks/0ly8_next_dist_client_1ri-qb-._.js:13422
[  537234ms] [ERROR] WebSocket connection to 'ws://localhost:3002/_next/webpack-hmr?id=ZDQVGqjib_c8fyI_7E7Pw' failed: Error in connection establishment: net::ERR_CONNECTION_REFUSED @ http://localhost:3002/_next/static/chunks/0ly8_next_dist_client_1ri-qb-._.js:13422
[  542409ms] [ERROR] WebSocket connection to 'ws://localhost:3002/_next/webpack-hmr?id=ZDQVGqjib_c8fyI_7E7Pw' failed: Error in connection establishment: net::ERR_CONNECTION_REFUSED @ http://localhost:3002/_next/static/chunks/0ly8_next_dist_client_1ri-qb-._.js:13422
