[  113254ms] [INFO] %cDownload the React DevTools for a better development experience: https://react.dev/link/react-devtools font-weight:bold @ http://localhost:3000/_next/static/chunks/1jo-_next_dist_1d3zxth._.js:2477
[  117861ms] [ERROR] WebSocket connection to 'ws://localhost:3000/_next/webpack-hmr?id=RzaudagVjKi5wFpmocJlg' failed: Error during WebSocket handshake: net::ERR_CONNECTION_RESET @ http://localhost:3000/_next/static/chunks/1jo-_next_dist_client_01ydm9_._.js:13422
[  117862ms] [ERROR] Failed to load resource: net::ERR_INCOMPLETE_CHUNKED_ENCODING @ http://localhost:3000/_next/static/chunks/1itg_gsap_0u5kfj-._.js:0
[  117862ms] [ERROR] Failed to load resource: net::ERR_CONNECTION_REFUSED @ http://localhost:3000/_next/static/chunks/0ah1__pnpm_135izh0._.js:0
[  117862ms] [ERROR] Failed to load resource: net::ERR_CONNECTION_REFUSED @ http://localhost:3000/_next/static/chunks/workspaces_catch-us_apps_web_app_page_tsx_1hewwfc._.js:0
[  117862ms] [ERROR] Failed to load resource: net::ERR_CONNECTION_REFUSED @ http://localhost:3000/_next/static/chunks/1jo-_next_dist_client_components_builtin_global-error_1hewwfc.js:0
[  117862ms] [ERROR] Failed to load resource: net::ERR_CONNECTION_REFUSED @ http://localhost:3000/_next/static/chunks/1521_svg-dotted-map_dist_index_mjs_07mm84z._.js:0
[  117865ms] ChunkLoadError: Failed to load chunk /_next/static/chunks/1jo-_next_dist_client_components_builtin_global-error_1hewwfc.js from module [project]/workspaces/catch-us/node_modules/.pnpm/next@16.2.9_react-dom@19.2.7_react@19.2.7__react@19.2.7/node_modules/next/dist/compiled/react-server-dom-turbopack/cjs/react-server-dom-turbopack-client.browser.development.js [app-client] (ecmascript)
    at http://localhost:3000/_next/static/chunks/turbopack-workspaces_catch-us_apps_web_1g1geg-._.js:698:25
[  117862ms] [ERROR] Failed to load resource: net::ERR_CONNECTION_REFUSED @ http://localhost:3000/_next/static/chunks/14nd_framer-motion_dist_es_055nxb7._.js:0
[  117862ms] [ERROR] Failed to load resource: net::ERR_CONNECTION_REFUSED @ http://localhost:3000/_next/static/chunks/09h8_ogl_src_0uwk1nx._.js:0
[  117863ms] [ERROR] Failed to load resource: net::ERR_CONNECTION_REFUSED @ http://localhost:3000/_next/static/chunks/0u5r_tailwind-merge_dist_bundle-mjs_mjs_0k39r5v._.js:0
[  117863ms] [ERROR] Failed to load resource: net::ERR_CONNECTION_REFUSED @ http://localhost:3000/_next/static/chunks/0_vs_motion-dom_dist_es_1hu757q._.js:0
[  117863ms] [ERROR] Failed to load resource: net::ERR_CONNECTION_REFUSED @ http://localhost:3000/_next/static/chunks/%5Bturbopack%5D_browser_dev_hmr-client_hmr-client_ts_06xcubb._.js:0
[  117865ms] ChunkLoadError: Failed to load chunk /_next/static/chunks/%5Bturbopack%5D_browser_dev_hmr-client_hmr-client_ts_06xcubb._.js from module [turbopack]/browser/dev/hmr-client/hmr-client.ts [app-client] (ecmascript, async loader)
    at http://localhost:3000/_next/static/chunks/turbopack-workspaces_catch-us_apps_web_1g1geg-._.js:698:25
    at async Promise.all (index 1)
[  117863ms] [ERROR] Failed to load resource: net::ERR_CONNECTION_REFUSED @ http://localhost:3000/_next/static/chunks/%5Bturbopack%5D_browser_dev_hmr-client_hmr-client_ts_1mojsay._.js:0
[  117865ms] [ERROR] Failed to load resource: net::ERR_CONNECTION_REFUSED @ http://localhost:3000/icon.svg:0
[  118863ms] [ERROR] WebSocket connection to 'ws://localhost:3000/_next/webpack-hmr?id=RzaudagVjKi5wFpmocJlg' failed: Error in connection establishment: net::ERR_CONNECTION_REFUSED @ http://localhost:3000/_next/static/chunks/1jo-_next_dist_client_01ydm9_._.js:13422
[  119866ms] [ERROR] WebSocket connection to 'ws://localhost:3000/_next/webpack-hmr?id=RzaudagVjKi5wFpmocJlg' failed: Error in connection establishment: net::ERR_CONNECTION_REFUSED @ http://localhost:3000/_next/static/chunks/1jo-_next_dist_client_01ydm9_._.js:13422
[  120869ms] [ERROR] WebSocket connection to 'ws://localhost:3000/_next/webpack-hmr?id=RzaudagVjKi5wFpmocJlg' failed: Error in connection establishment: net::ERR_CONNECTION_REFUSED @ http://localhost:3000/_next/static/chunks/1jo-_next_dist_client_01ydm9_._.js:13422
[  121872ms] [ERROR] WebSocket connection to 'ws://localhost:3000/_next/webpack-hmr?id=RzaudagVjKi5wFpmocJlg' failed: Error in connection establishment: net::ERR_CONNECTION_REFUSED @ http://localhost:3000/_next/static/chunks/1jo-_next_dist_client_01ydm9_._.js:13422
[  122877ms] [ERROR] WebSocket connection to 'ws://localhost:3000/_next/webpack-hmr?id=RzaudagVjKi5wFpmocJlg' failed: Error in connection establishment: net::ERR_CONNECTION_REFUSED @ http://localhost:3000/_next/static/chunks/1jo-_next_dist_client_01ydm9_._.js:13422
[  127890ms] [ERROR] WebSocket connection to 'ws://localhost:3000/_next/webpack-hmr?id=RzaudagVjKi5wFpmocJlg' failed: Error in connection establishment: net::ERR_CONNECTION_REFUSED @ http://localhost:3000/_next/static/chunks/1jo-_next_dist_client_01ydm9_._.js:13422
[  132900ms] [ERROR] WebSocket connection to 'ws://localhost:3000/_next/webpack-hmr?id=RzaudagVjKi5wFpmocJlg' failed: Error in connection establishment: net::ERR_CONNECTION_REFUSED @ http://localhost:3000/_next/static/chunks/1jo-_next_dist_client_01ydm9_._.js:13422
[  137935ms] [ERROR] WebSocket connection to 'ws://localhost:3000/_next/webpack-hmr?id=RzaudagVjKi5wFpmocJlg' failed: Error in connection establishment: net::ERR_CONNECTION_REFUSED @ http://localhost:3000/_next/static/chunks/1jo-_next_dist_client_01ydm9_._.js:13422
[  143000ms] [ERROR] WebSocket connection to 'ws://localhost:3000/_next/webpack-hmr?id=RzaudagVjKi5wFpmocJlg' failed: Error in connection establishment: net::ERR_CONNECTION_REFUSED @ http://localhost:3000/_next/static/chunks/1jo-_next_dist_client_01ydm9_._.js:13422
[  148156ms] [ERROR] WebSocket connection to 'ws://localhost:3000/_next/webpack-hmr?id=RzaudagVjKi5wFpmocJlg' failed: Error in connection establishment: net::ERR_CONNECTION_REFUSED @ http://localhost:3000/_next/static/chunks/1jo-_next_dist_client_01ydm9_._.js:13422
[  153229ms] [ERROR] WebSocket connection to 'ws://localhost:3000/_next/webpack-hmr?id=RzaudagVjKi5wFpmocJlg' failed: Error in connection establishment: net::ERR_CONNECTION_REFUSED @ http://localhost:3000/_next/static/chunks/1jo-_next_dist_client_01ydm9_._.js:13422
[  158734ms] [ERROR] WebSocket connection to 'ws://localhost:3000/_next/webpack-hmr?id=RzaudagVjKi5wFpmocJlg' failed: Error in connection establishment: net::ERR_CONNECTION_REFUSED @ http://localhost:3000/_next/static/chunks/1jo-_next_dist_client_01ydm9_._.js:13422
