[     110ms] [INFO] %cDownload the React DevTools for a better development experience: https://react.dev/link/react-devtools font-weight:bold @ http://localhost:3000/_next/static/chunks/0ly8_next_dist_1tgaskt._.js:2477
[     122ms] [LOG] [HMR] connected @ http://localhost:3000/_next/static/chunks/0ly8_next_dist_1tgaskt._.js:2477
[  553309ms] [LOG] [Fast Refresh] rebuilding @ http://localhost:3000/_next/static/chunks/0ly8_next_dist_1tgaskt._.js:2477
[  553339ms] [LOG] [Fast Refresh] done in 53ms @ http://localhost:3000/_next/static/chunks/0ly8_next_dist_1tgaskt._.js:2477
[  594988ms] [LOG] [Fast Refresh] rebuilding @ http://localhost:3000/_next/static/chunks/0ly8_next_dist_1tgaskt._.js:2477
[  595014ms] [LOG] [Fast Refresh] done in 55ms @ http://localhost:3000/_next/static/chunks/0ly8_next_dist_1tgaskt._.js:2477
[  630819ms] [LOG] [Fast Refresh] rebuilding @ http://localhost:3000/_next/static/chunks/0ly8_next_dist_1tgaskt._.js:2477
[  631053ms] [LOG] [Fast Refresh] done in 128ms @ http://localhost:3000/_next/static/chunks/0ly8_next_dist_1tgaskt._.js:2477
[  631400ms] [LOG] [Fast Refresh] rebuilding @ http://localhost:3000/_next/static/chunks/0ly8_next_dist_1tgaskt._.js:2477
[  631592ms] [LOG] [Fast Refresh] done in 292ms @ http://localhost:3000/_next/static/chunks/0ly8_next_dist_1tgaskt._.js:2477
[  678058ms] [LOG] [Fast Refresh] rebuilding @ http://localhost:3000/_next/static/chunks/0ly8_next_dist_1tgaskt._.js:2477
[  678078ms] [LOG] [Fast Refresh] done in 33ms @ http://localhost:3000/_next/static/chunks/0ly8_next_dist_1tgaskt._.js:2477
[  804992ms] [LOG] [Fast Refresh] rebuilding @ http://localhost:3000/_next/static/chunks/0ly8_next_dist_1tgaskt._.js:2477
[  805000ms] TypeError: values[i].get is not a function
    at useListTransform.useCombineMotionValues (http://localhost:3000/_next/static/chunks/1ana_framer-motion_dist_es_1wq8-ul._.js:4237:39)
    at useCombineMotionValues (http://localhost:3000/_next/static/chunks/1ana_framer-motion_dist_es_1wq8-ul._.js:4118:368)
    at useListTransform (http://localhost:3000/_next/static/chunks/1ana_framer-motion_dist_es_1wq8-ul._.js:4232:366)
    at useTransform (http://localhost:3000/_next/static/chunks/1ana_framer-motion_dist_es_1wq8-ul._.js:4209:82)
    at TripDateSegmentedNav (http://localhost:3000/_next/static/chunks/_04sq7ef._.js?id=%255Bproject%255D%252Fapps%252Fweb%252Fapp%252Ftrip%252F_components%252Ftrip-date-segmented-nav.tsx+%255Bapp-client%255D+%2528ecmascript%2529:21:360)
    at Object.react_stack_bottom_frame (http://localhost:3000/_next/static/chunks/0ly8_next_dist_compiled_react-dom_168vud3._.js:15037:24)
    at renderWithHooks (http://localhost:3000/_next/static/chunks/0ly8_next_dist_compiled_react-dom_168vud3._.js:4620:24)
    at updateFunctionComponent (http://localhost:3000/_next/static/chunks/0ly8_next_dist_compiled_react-dom_168vud3._.js:6081:21)
    at beginWork (http://localhost:3000/_next/static/chunks/0ly8_next_dist_compiled_react-dom_168vud3._.js:6691:24)
    at runWithFiberInDEV (http://localhost:3000/_next/static/chunks/0ly8_next_dist_compiled_react-dom_168vud3._.js:965:74)
    at performUnitOfWork (http://localhost:3000/_next/static/chunks/0ly8_next_dist_compiled_react-dom_168vud3._.js:9555:97)
    at workLoopSync (http://localhost:3000/_next/static/chunks/0ly8_next_dist_compiled_react-dom_168vud3._.js:9449:40)
    at renderRootSync (http://localhost:3000/_next/static/chunks/0ly8_next_dist_compiled_react-dom_168vud3._.js:9433:13)
    at performWorkOnRoot (http://localhost:3000/_next/static/chunks/0ly8_next_dist_compiled_react-dom_168vud3._.js:9098:47)
    at performSyncWorkOnRoot (http://localhost:3000/_next/static/chunks/0ly8_next_dist_compiled_react-dom_168vud3._.js:10263:9)
    at flushSyncWorkAcrossRoots_impl (http://localhost:3000/_next/static/chunks/0ly8_next_dist_compiled_react-dom_168vud3._.js:10179:316)
    at flushSyncWork$1 (http://localhost:3000/_next/static/chunks/0ly8_next_dist_compiled_react-dom_168vud3._.js:9230:86)
    at Object.scheduleRefresh (http://localhost:3000/_next/static/chunks/0ly8_next_dist_compiled_react-dom_168vud3._.js:299:13)
    at http://localhost:3000/_next/static/chunks/0ly8_next_dist_compiled_05os3x9._.js:391:33
    at Set.forEach (<anonymous>)
    at Object.performReactRefresh (http://localhost:3000/_next/static/chunks/0ly8_next_dist_compiled_05os3x9._.js:384:38)
    at applyUpdate (http://localhost:3000/_next/static/chunks/0ly8_next_dist_compiled_05os3x9._.js:878:31)
    at http://localhost:3000/_next/static/chunks/0ly8_next_dist_compiled_05os3x9._.js:886:13
[  805022ms] [LOG] [Fast Refresh] done in 32ms @ http://localhost:3000/_next/static/chunks/0ly8_next_dist_1tgaskt._.js:2477
[  862115ms] [LOG] [Fast Refresh] rebuilding @ http://localhost:3000/_next/static/chunks/0ly8_next_dist_1tgaskt._.js:2477
[  862116ms] [WARNING] [Fast Refresh] performing full reload because your application had an unrecoverable error @ http://localhost:3000/_next/static/chunks/0ly8_next_dist_1tgaskt._.js:2477
[  862201ms] TypeError: values[i].get is not a function
    at useListTransform.useCombineMotionValues (http://localhost:3000/_next/static/chunks/1ana_framer-motion_dist_es_1wq8-ul._.js:4237:39)
    at useCombineMotionValues (http://localhost:3000/_next/static/chunks/1ana_framer-motion_dist_es_1wq8-ul._.js:4118:368)
    at useListTransform (http://localhost:3000/_next/static/chunks/1ana_framer-motion_dist_es_1wq8-ul._.js:4232:366)
    at useTransform (http://localhost:3000/_next/static/chunks/1ana_framer-motion_dist_es_1wq8-ul._.js:4209:82)
    at TripDateSegmentedNav (http://localhost:3000/_next/static/chunks/_04sq7ef._.js?id=%255Bproject%255D%252Fapps%252Fweb%252Fapp%252Ftrip%252F_components%252Ftrip-date-segmented-nav.tsx+%255Bapp-client%255D+%2528ecmascript%2529:21:360)
    at Object.react_stack_bottom_frame (http://localhost:3000/_next/static/chunks/0ly8_next_dist_compiled_react-dom_168vud3._.js:15037:24)
    at renderWithHooks (http://localhost:3000/_next/static/chunks/0ly8_next_dist_compiled_react-dom_168vud3._.js:4620:24)
    at updateFunctionComponent (http://localhost:3000/_next/static/chunks/0ly8_next_dist_compiled_react-dom_168vud3._.js:6081:21)
    at beginWork (http://localhost:3000/_next/static/chunks/0ly8_next_dist_compiled_react-dom_168vud3._.js:6691:24)
    at runWithFiberInDEV (http://localhost:3000/_next/static/chunks/0ly8_next_dist_compiled_react-dom_168vud3._.js:965:74)
    at performUnitOfWork (http://localhost:3000/_next/static/chunks/0ly8_next_dist_compiled_react-dom_168vud3._.js:9555:97)
    at workLoopSync (http://localhost:3000/_next/static/chunks/0ly8_next_dist_compiled_react-dom_168vud3._.js:9449:40)
    at renderRootSync (http://localhost:3000/_next/static/chunks/0ly8_next_dist_compiled_react-dom_168vud3._.js:9433:13)
    at performWorkOnRoot (http://localhost:3000/_next/static/chunks/0ly8_next_dist_compiled_react-dom_168vud3._.js:9098:47)
    at performSyncWorkOnRoot (http://localhost:3000/_next/static/chunks/0ly8_next_dist_compiled_react-dom_168vud3._.js:10263:9)
    at flushSyncWorkAcrossRoots_impl (http://localhost:3000/_next/static/chunks/0ly8_next_dist_compiled_react-dom_168vud3._.js:10179:316)
    at flushSyncWork$1 (http://localhost:3000/_next/static/chunks/0ly8_next_dist_compiled_react-dom_168vud3._.js:9230:86)
    at Object.scheduleRefresh (http://localhost:3000/_next/static/chunks/0ly8_next_dist_compiled_react-dom_168vud3._.js:299:13)
    at http://localhost:3000/_next/static/chunks/0ly8_next_dist_compiled_05os3x9._.js:391:33
    at Set.forEach (<anonymous>)
    at Object.performReactRefresh (http://localhost:3000/_next/static/chunks/0ly8_next_dist_compiled_05os3x9._.js:384:38)
    at applyUpdate (http://localhost:3000/_next/static/chunks/0ly8_next_dist_compiled_05os3x9._.js:878:31)
    at http://localhost:3000/_next/static/chunks/0ly8_next_dist_compiled_05os3x9._.js:886:13
[  862237ms] [LOG] [Fast Refresh] done in 36ms @ http://localhost:3000/_next/static/chunks/0ly8_next_dist_1tgaskt._.js:2477
[  862346ms] [ERROR] Failed to load resource: the server responded with a status of 500 (Internal Server Error) @ http://localhost:3000/trip/jeonju-2026/schedule:0
[  862378ms] [INFO] %cDownload the React DevTools for a better development experience: https://react.dev/link/react-devtools font-weight:bold @ http://localhost:3000/_next/static/chunks/0ly8_next_dist_1tgaskt._.js:2477
[  862386ms] [LOG] [HMR] connected @ http://localhost:3000/_next/static/chunks/0ly8_next_dist_1tgaskt._.js:2477
[  862457ms] TypeError: values[i].get is not a function
    at useListTransform.useCombineMotionValues (http://localhost:3000/_next/static/chunks/1ana_framer-motion_dist_es_0ib7ioq._.js:4237:39)
    at useCombineMotionValues (http://localhost:3000/_next/static/chunks/1ana_framer-motion_dist_es_0ib7ioq._.js:4118:368)
    at useListTransform (http://localhost:3000/_next/static/chunks/1ana_framer-motion_dist_es_0ib7ioq._.js:4232:366)
    at useTransform (http://localhost:3000/_next/static/chunks/1ana_framer-motion_dist_es_0ib7ioq._.js:4209:82)
    at TripDateSegmentedNav (http://localhost:3000/_next/static/chunks/_04sq7ef._.js:923:360)
    at Object.react_stack_bottom_frame (http://localhost:3000/_next/static/chunks/0ly8_next_dist_compiled_react-dom_168vud3._.js:15037:24)
    at renderWithHooks (http://localhost:3000/_next/static/chunks/0ly8_next_dist_compiled_react-dom_168vud3._.js:4620:24)
    at updateFunctionComponent (http://localhost:3000/_next/static/chunks/0ly8_next_dist_compiled_react-dom_168vud3._.js:6081:21)
    at beginWork (http://localhost:3000/_next/static/chunks/0ly8_next_dist_compiled_react-dom_168vud3._.js:6691:24)
    at runWithFiberInDEV (http://localhost:3000/_next/static/chunks/0ly8_next_dist_compiled_react-dom_168vud3._.js:965:74)
    at performUnitOfWork (http://localhost:3000/_next/static/chunks/0ly8_next_dist_compiled_react-dom_168vud3._.js:9555:97)
    at workLoopSync (http://localhost:3000/_next/static/chunks/0ly8_next_dist_compiled_react-dom_168vud3._.js:9449:40)
    at renderRootSync (http://localhost:3000/_next/static/chunks/0ly8_next_dist_compiled_react-dom_168vud3._.js:9433:13)
    at performWorkOnRoot (http://localhost:3000/_next/static/chunks/0ly8_next_dist_compiled_react-dom_168vud3._.js:9098:47)
    at performWorkOnRootViaSchedulerTask (http://localhost:3000/_next/static/chunks/0ly8_next_dist_compiled_react-dom_168vud3._.js:10255:9)
    at MessagePort.performWorkUntilDeadline (http://localhost:3000/_next/static/chunks/0ly8_next_dist_compiled_05os3x9._.js:2647:64)
[  862460ms] [ERROR] Failed to load resource: the server responded with a status of 404 (Not Found) @ http://localhost:3000/favicon.ico:0
[  882771ms] [LOG] [Fast Refresh] rebuilding @ http://localhost:3000/_next/static/chunks/0ly8_next_dist_1tgaskt._.js:2477
[  882772ms] [WARNING] [Fast Refresh] performing full reload because your application had an unrecoverable error @ http://localhost:3000/_next/static/chunks/0ly8_next_dist_1tgaskt._.js:2477
[  882860ms] [LOG] [Fast Refresh] done in 29ms @ http://localhost:3000/_next/static/chunks/0ly8_next_dist_1tgaskt._.js:2477
[  882922ms] [INFO] %cDownload the React DevTools for a better development experience: https://react.dev/link/react-devtools font-weight:bold @ http://localhost:3000/_next/static/chunks/0ly8_next_dist_1tgaskt._.js:2477
[  882929ms] [LOG] [HMR] connected @ http://localhost:3000/_next/static/chunks/0ly8_next_dist_1tgaskt._.js:2477
[  935864ms] [LOG] [Fast Refresh] rebuilding @ http://localhost:3000/_next/static/chunks/0ly8_next_dist_1tgaskt._.js:2477
[  935937ms] [LOG] [Fast Refresh] done in 111ms @ http://localhost:3000/_next/static/chunks/0ly8_next_dist_1tgaskt._.js:2477
[  936315ms] [LOG] [Fast Refresh] rebuilding @ http://localhost:3000/_next/static/chunks/0ly8_next_dist_1tgaskt._.js:2477
[  936404ms] [LOG] [Fast Refresh] done in 197ms @ http://localhost:3000/_next/static/chunks/0ly8_next_dist_1tgaskt._.js:2477
[  955527ms] [LOG] [Fast Refresh] rebuilding @ http://localhost:3000/_next/static/chunks/0ly8_next_dist_1tgaskt._.js:2477
[  955551ms] [LOG] [Fast Refresh] done in 33ms @ http://localhost:3000/_next/static/chunks/0ly8_next_dist_1tgaskt._.js:2477
[ 1050789ms] [ERROR] WebSocket connection to 'ws://localhost:3000/_next/webpack-hmr?id=NAU2BAaLGOpJ8PpciFLRv' failed: Error in connection establishment: net::ERR_CONNECTION_REFUSED @ http://localhost:3000/_next/static/chunks/0ly8_next_dist_client_1ri-qb-._.js:13422
[ 1051795ms] [ERROR] WebSocket connection to 'ws://localhost:3000/_next/webpack-hmr?id=NAU2BAaLGOpJ8PpciFLRv' failed: Error in connection establishment: net::ERR_CONNECTION_REFUSED @ http://localhost:3000/_next/static/chunks/0ly8_next_dist_client_1ri-qb-._.js:13422
[ 1052799ms] [ERROR] WebSocket connection to 'ws://localhost:3000/_next/webpack-hmr?id=NAU2BAaLGOpJ8PpciFLRv' failed: Error in connection establishment: net::ERR_CONNECTION_REFUSED @ http://localhost:3000/_next/static/chunks/0ly8_next_dist_client_1ri-qb-._.js:13422
[ 1053803ms] [ERROR] WebSocket connection to 'ws://localhost:3000/_next/webpack-hmr?id=NAU2BAaLGOpJ8PpciFLRv' failed: Error in connection establishment: net::ERR_CONNECTION_REFUSED @ http://localhost:3000/_next/static/chunks/0ly8_next_dist_client_1ri-qb-._.js:13422
[ 1054806ms] [ERROR] WebSocket connection to 'ws://localhost:3000/_next/webpack-hmr?id=NAU2BAaLGOpJ8PpciFLRv' failed: Error in connection establishment: net::ERR_CONNECTION_REFUSED @ http://localhost:3000/_next/static/chunks/0ly8_next_dist_client_1ri-qb-._.js:13422
[ 1059808ms] [ERROR] WebSocket connection to 'ws://localhost:3000/_next/webpack-hmr?id=NAU2BAaLGOpJ8PpciFLRv' failed: Error in connection establishment: net::ERR_CONNECTION_REFUSED @ http://localhost:3000/_next/static/chunks/0ly8_next_dist_client_1ri-qb-._.js:13422
[ 1064813ms] [LOG] [HMR] connected @ http://localhost:3000/_next/static/chunks/0ly8_next_dist_1tgaskt._.js:2477
[ 1065470ms] [INFO] %cDownload the React DevTools for a better development experience: https://react.dev/link/react-devtools font-weight:bold @ http://localhost:3000/_next/static/chunks/0ly8_next_dist_1tgaskt._.js:2477
[ 1065506ms] [LOG] [HMR] connected @ http://localhost:3000/_next/static/chunks/0ly8_next_dist_1tgaskt._.js:2477
[ 1065654ms] [LOG] [Fast Refresh] rebuilding @ http://localhost:3000/_next/static/chunks/0ly8_next_dist_1tgaskt._.js:2477
[ 1065688ms] [LOG] [Fast Refresh] done in 134ms @ http://localhost:3000/_next/static/chunks/0ly8_next_dist_1tgaskt._.js:2477
[ 1274576ms] [ERROR] WebSocket connection to 'ws://localhost:3000/_next/webpack-hmr?id=YKJ6vA_L27VZpPgyRg6Lq' failed: Error in connection establishment: net::ERR_CONNECTION_REFUSED @ http://localhost:3000/_next/static/chunks/0ly8_next_dist_client_1ri-qb-._.js:13422
[ 1275590ms] [ERROR] WebSocket connection to 'ws://localhost:3000/_next/webpack-hmr?id=YKJ6vA_L27VZpPgyRg6Lq' failed: Error in connection establishment: net::ERR_CONNECTION_REFUSED @ http://localhost:3000/_next/static/chunks/0ly8_next_dist_client_1ri-qb-._.js:13422
[ 1276593ms] [ERROR] WebSocket connection to 'ws://localhost:3000/_next/webpack-hmr?id=YKJ6vA_L27VZpPgyRg6Lq' failed: Error in connection establishment: net::ERR_CONNECTION_REFUSED @ http://localhost:3000/_next/static/chunks/0ly8_next_dist_client_1ri-qb-._.js:13422
[ 1277608ms] [ERROR] WebSocket connection to 'ws://localhost:3000/_next/webpack-hmr?id=YKJ6vA_L27VZpPgyRg6Lq' failed: Error in connection establishment: net::ERR_CONNECTION_REFUSED @ http://localhost:3000/_next/static/chunks/0ly8_next_dist_client_1ri-qb-._.js:13422
[ 1278612ms] [ERROR] WebSocket connection to 'ws://localhost:3000/_next/webpack-hmr?id=YKJ6vA_L27VZpPgyRg6Lq' failed: Error in connection establishment: net::ERR_CONNECTION_REFUSED @ http://localhost:3000/_next/static/chunks/0ly8_next_dist_client_1ri-qb-._.js:13422
[ 1283626ms] [ERROR] WebSocket connection to 'ws://localhost:3000/_next/webpack-hmr?id=YKJ6vA_L27VZpPgyRg6Lq' failed: Error in connection establishment: net::ERR_CONNECTION_REFUSED @ http://localhost:3000/_next/static/chunks/0ly8_next_dist_client_1ri-qb-._.js:13422
[ 1288635ms] [ERROR] WebSocket connection to 'ws://localhost:3000/_next/webpack-hmr?id=YKJ6vA_L27VZpPgyRg6Lq' failed: Error in connection establishment: net::ERR_CONNECTION_REFUSED @ http://localhost:3000/_next/static/chunks/0ly8_next_dist_client_1ri-qb-._.js:13422
[ 1293648ms] [ERROR] WebSocket connection to 'ws://localhost:3000/_next/webpack-hmr?id=YKJ6vA_L27VZpPgyRg6Lq' failed: Error in connection establishment: net::ERR_CONNECTION_REFUSED @ http://localhost:3000/_next/static/chunks/0ly8_next_dist_client_1ri-qb-._.js:13422
[ 1298667ms] [ERROR] WebSocket connection to 'ws://localhost:3000/_next/webpack-hmr?id=YKJ6vA_L27VZpPgyRg6Lq' failed: Error in connection establishment: net::ERR_CONNECTION_REFUSED @ http://localhost:3000/_next/static/chunks/0ly8_next_dist_client_1ri-qb-._.js:13422
[ 1303702ms] [ERROR] WebSocket connection to 'ws://localhost:3000/_next/webpack-hmr?id=YKJ6vA_L27VZpPgyRg6Lq' failed: Error in connection establishment: net::ERR_CONNECTION_REFUSED @ http://localhost:3000/_next/static/chunks/0ly8_next_dist_client_1ri-qb-._.js:13422
[ 1308761ms] [ERROR] WebSocket connection to 'ws://localhost:3000/_next/webpack-hmr?id=YKJ6vA_L27VZpPgyRg6Lq' failed: Error in connection establishment: net::ERR_CONNECTION_REFUSED @ http://localhost:3000/_next/static/chunks/0ly8_next_dist_client_1ri-qb-._.js:13422
[ 1313964ms] [ERROR] WebSocket connection to 'ws://localhost:3000/_next/webpack-hmr?id=YKJ6vA_L27VZpPgyRg6Lq' failed: Error in connection establishment: net::ERR_CONNECTION_REFUSED @ http://localhost:3000/_next/static/chunks/0ly8_next_dist_client_1ri-qb-._.js:13422
