[     126ms] [INFO] %cDownload the React DevTools for a better development experience: https://react.dev/link/react-devtools font-weight:bold @ http://localhost:3000/_next/static/chunks/0ly8_next_dist_1tgaskt._.js:2477
[     175ms] [LOG] [HMR] connected @ http://localhost:3000/_next/static/chunks/0ly8_next_dist_1tgaskt._.js:2477
[ 1217652ms] [LOG] [Fast Refresh] rebuilding @ http://localhost:3000/_next/static/chunks/0ly8_next_dist_1tgaskt._.js:2477
[ 1217679ms] [LOG] [Fast Refresh] done in 36ms @ http://localhost:3000/_next/static/chunks/0ly8_next_dist_1tgaskt._.js:2477
[ 1229649ms] [LOG] [Fast Refresh] rebuilding @ http://localhost:3000/_next/static/chunks/0ly8_next_dist_1tgaskt._.js:2477
[ 1229678ms] [LOG] [Fast Refresh] done in 26ms @ http://localhost:3000/_next/static/chunks/0ly8_next_dist_1tgaskt._.js:2477
[ 1230929ms] [LOG] [Fast Refresh] rebuilding @ http://localhost:3000/_next/static/chunks/0ly8_next_dist_1tgaskt._.js:2477
[ 1230956ms] [LOG] [Fast Refresh] done in 27ms @ http://localhost:3000/_next/static/chunks/0ly8_next_dist_1tgaskt._.js:2477
[ 1239889ms] [LOG] [Fast Refresh] rebuilding @ http://localhost:3000/_next/static/chunks/0ly8_next_dist_1tgaskt._.js:2477
[ 1239917ms] [LOG] [Fast Refresh] done in 25ms @ http://localhost:3000/_next/static/chunks/0ly8_next_dist_1tgaskt._.js:2477
[ 1312348ms] [LOG] [Fast Refresh] rebuilding @ http://localhost:3000/_next/static/chunks/0ly8_next_dist_1tgaskt._.js:2477
[ 1312375ms] [LOG] [Fast Refresh] done in 34ms @ http://localhost:3000/_next/static/chunks/0ly8_next_dist_1tgaskt._.js:2477
[ 1323278ms] [LOG] [Fast Refresh] rebuilding @ http://localhost:3000/_next/static/chunks/0ly8_next_dist_1tgaskt._.js:2477
[ 1323305ms] [LOG] [Fast Refresh] done in 31ms @ http://localhost:3000/_next/static/chunks/0ly8_next_dist_1tgaskt._.js:2477
[ 3113561ms] [ERROR] WebSocket connection to 'ws://localhost:3000/_next/webpack-hmr?id=YKA1pyqREray2b3emcJmn' failed: Error in connection establishment: net::ERR_CONNECTION_REFUSED @ http://localhost:3000/_next/static/chunks/0ly8_next_dist_client_1ri-qb-._.js:13422
[ 3114714ms] [LOG] [HMR] connected @ http://localhost:3000/_next/static/chunks/0ly8_next_dist_1tgaskt._.js:2477
[ 3115702ms] [INFO] %cDownload the React DevTools for a better development experience: https://react.dev/link/react-devtools font-weight:bold @ http://localhost:3000/_next/static/chunks/0ly8_next_dist_1tgaskt._.js:2477
[ 3115714ms] [LOG] [HMR] connected @ http://localhost:3000/_next/static/chunks/0ly8_next_dist_1tgaskt._.js:2477
[ 3218498ms] [LOG] [Fast Refresh] rebuilding @ http://localhost:3000/_next/static/chunks/0ly8_next_dist_1tgaskt._.js:2477
[ 3218526ms] [LOG] [Fast Refresh] done in 95ms @ http://localhost:3000/_next/static/chunks/0ly8_next_dist_1tgaskt._.js:2477
[ 3235204ms] [LOG] [Fast Refresh] rebuilding @ http://localhost:3000/_next/static/chunks/0ly8_next_dist_1tgaskt._.js:2477
[ 3235232ms] [LOG] [Fast Refresh] done in 35ms @ http://localhost:3000/_next/static/chunks/0ly8_next_dist_1tgaskt._.js:2477
[ 3239123ms] [LOG] [Fast Refresh] rebuilding @ http://localhost:3000/_next/static/chunks/0ly8_next_dist_1tgaskt._.js:2477
[ 3239153ms] [LOG] [Fast Refresh] done in 28ms @ http://localhost:3000/_next/static/chunks/0ly8_next_dist_1tgaskt._.js:2477
[ 3246962ms] [LOG] [Fast Refresh] rebuilding @ http://localhost:3000/_next/static/chunks/0ly8_next_dist_1tgaskt._.js:2477
[ 3246991ms] [LOG] [Fast Refresh] done in 29ms @ http://localhost:3000/_next/static/chunks/0ly8_next_dist_1tgaskt._.js:2477
[ 3272000ms] [LOG] [Fast Refresh] rebuilding @ http://localhost:3000/_next/static/chunks/0ly8_next_dist_1tgaskt._.js:2477
[ 3272028ms] [LOG] [Fast Refresh] done in 21ms @ http://localhost:3000/_next/static/chunks/0ly8_next_dist_1tgaskt._.js:2477
[ 3279749ms] [LOG] [Fast Refresh] rebuilding @ http://localhost:3000/_next/static/chunks/0ly8_next_dist_1tgaskt._.js:2477
[ 3279776ms] [LOG] [Fast Refresh] done in 24ms @ http://localhost:3000/_next/static/chunks/0ly8_next_dist_1tgaskt._.js:2477
[ 3297292ms] [LOG] [Fast Refresh] rebuilding @ http://localhost:3000/_next/static/chunks/0ly8_next_dist_1tgaskt._.js:2477
[ 3297320ms] [LOG] [Fast Refresh] done in 25ms @ http://localhost:3000/_next/static/chunks/0ly8_next_dist_1tgaskt._.js:2477
[ 3311888ms] [LOG] [Fast Refresh] rebuilding @ http://localhost:3000/_next/static/chunks/0ly8_next_dist_1tgaskt._.js:2477
[ 3311916ms] [LOG] [Fast Refresh] done in 25ms @ http://localhost:3000/_next/static/chunks/0ly8_next_dist_1tgaskt._.js:2477
[ 3321541ms] [LOG] [Fast Refresh] rebuilding @ http://localhost:3000/_next/static/chunks/0ly8_next_dist_1tgaskt._.js:2477
[ 3321569ms] [LOG] [Fast Refresh] done in 26ms @ http://localhost:3000/_next/static/chunks/0ly8_next_dist_1tgaskt._.js:2477
[ 3333593ms] [LOG] [Fast Refresh] rebuilding @ http://localhost:3000/_next/static/chunks/0ly8_next_dist_1tgaskt._.js:2477
[ 3333622ms] [LOG] [Fast Refresh] done in 26ms @ http://localhost:3000/_next/static/chunks/0ly8_next_dist_1tgaskt._.js:2477
[ 3335440ms] [LOG] [Fast Refresh] rebuilding @ http://localhost:3000/_next/static/chunks/0ly8_next_dist_1tgaskt._.js:2477
[ 3335468ms] [LOG] [Fast Refresh] done in 27ms @ http://localhost:3000/_next/static/chunks/0ly8_next_dist_1tgaskt._.js:2477
[ 3371492ms] [ERROR] WebSocket connection to 'ws://localhost:3000/_next/webpack-hmr?id=CN4MyDPiJpC97AioZ5w5C' failed: Error in connection establishment: net::ERR_CONNECTION_REFUSED @ http://localhost:3000/_next/static/chunks/0ly8_next_dist_client_1ri-qb-._.js:13422
[ 3372494ms] [ERROR] WebSocket connection to 'ws://localhost:3000/_next/webpack-hmr?id=CN4MyDPiJpC97AioZ5w5C' failed: Error in connection establishment: net::ERR_CONNECTION_REFUSED @ http://localhost:3000/_next/static/chunks/0ly8_next_dist_client_1ri-qb-._.js:13422
[ 3373495ms] [ERROR] WebSocket connection to 'ws://localhost:3000/_next/webpack-hmr?id=CN4MyDPiJpC97AioZ5w5C' failed: Error in connection establishment: net::ERR_CONNECTION_REFUSED @ http://localhost:3000/_next/static/chunks/0ly8_next_dist_client_1ri-qb-._.js:13422
[ 3374496ms] [ERROR] WebSocket connection to 'ws://localhost:3000/_next/webpack-hmr?id=CN4MyDPiJpC97AioZ5w5C' failed: Error in connection establishment: net::ERR_CONNECTION_REFUSED @ http://localhost:3000/_next/static/chunks/0ly8_next_dist_client_1ri-qb-._.js:13422
[ 3375499ms] [ERROR] WebSocket connection to 'ws://localhost:3000/_next/webpack-hmr?id=CN4MyDPiJpC97AioZ5w5C' failed: Error in connection establishment: net::ERR_CONNECTION_REFUSED @ http://localhost:3000/_next/static/chunks/0ly8_next_dist_client_1ri-qb-._.js:13422
[ 3380505ms] [ERROR] WebSocket connection to 'ws://localhost:3000/_next/webpack-hmr?id=CN4MyDPiJpC97AioZ5w5C' failed: Error in connection establishment: net::ERR_CONNECTION_REFUSED @ http://localhost:3000/_next/static/chunks/0ly8_next_dist_client_1ri-qb-._.js:13422
[ 3385519ms] [ERROR] WebSocket connection to 'ws://localhost:3000/_next/webpack-hmr?id=CN4MyDPiJpC97AioZ5w5C' failed: Error in connection establishment: net::ERR_CONNECTION_REFUSED @ http://localhost:3000/_next/static/chunks/0ly8_next_dist_client_1ri-qb-._.js:13422
[ 3390531ms] [ERROR] WebSocket connection to 'ws://localhost:3000/_next/webpack-hmr?id=CN4MyDPiJpC97AioZ5w5C' failed: Error in connection establishment: net::ERR_CONNECTION_REFUSED @ http://localhost:3000/_next/static/chunks/0ly8_next_dist_client_1ri-qb-._.js:13422
[ 3395570ms] [LOG] [HMR] connected @ http://localhost:3000/_next/static/chunks/0ly8_next_dist_1tgaskt._.js:2477
[ 3395991ms] [INFO] %cDownload the React DevTools for a better development experience: https://react.dev/link/react-devtools font-weight:bold @ http://localhost:3000/_next/static/chunks/0ly8_next_dist_1tgaskt._.js:2477
[ 3396001ms] [LOG] [HMR] connected @ http://localhost:3000/_next/static/chunks/0ly8_next_dist_1tgaskt._.js:2477
[ 3470547ms] [LOG] [Fast Refresh] rebuilding @ http://localhost:3000/_next/static/chunks/0ly8_next_dist_1tgaskt._.js:2477
[ 3470678ms] [LOG] [Fast Refresh] done in 205ms @ http://localhost:3000/_next/static/chunks/0ly8_next_dist_1tgaskt._.js:2477
[ 3472817ms] [LOG] [Fast Refresh] rebuilding @ http://localhost:3000/_next/static/chunks/0ly8_next_dist_1tgaskt._.js:2477
[ 3473326ms] [LOG] [Fast Refresh] done in 610ms @ http://localhost:3000/_next/static/chunks/0ly8_next_dist_1tgaskt._.js:2477
[ 3482764ms] [LOG] [Fast Refresh] rebuilding @ http://localhost:3000/_next/static/chunks/0ly8_next_dist_1tgaskt._.js:2477
[ 3482791ms] [LOG] [Fast Refresh] done in 32ms @ http://localhost:3000/_next/static/chunks/0ly8_next_dist_1tgaskt._.js:2477
[ 3498100ms] [LOG] [Fast Refresh] rebuilding @ http://localhost:3000/_next/static/chunks/0ly8_next_dist_1tgaskt._.js:2477
[ 3498128ms] [LOG] [Fast Refresh] done in 29ms @ http://localhost:3000/_next/static/chunks/0ly8_next_dist_1tgaskt._.js:2477
[ 3506810ms] [LOG] [Fast Refresh] rebuilding @ http://localhost:3000/_next/static/chunks/0ly8_next_dist_1tgaskt._.js:2477
[ 3506838ms] [LOG] [Fast Refresh] done in 26ms @ http://localhost:3000/_next/static/chunks/0ly8_next_dist_1tgaskt._.js:2477
[ 3551671ms] [INFO] %cDownload the React DevTools for a better development experience: https://react.dev/link/react-devtools font-weight:bold @ http://localhost:3000/_next/static/chunks/0ly8_next_dist_1tgaskt._.js:2477
[ 3551683ms] [LOG] [HMR] connected @ http://localhost:3000/_next/static/chunks/0ly8_next_dist_1tgaskt._.js:2477
[ 3553013ms] [INFO] %cDownload the React DevTools for a better development experience: https://react.dev/link/react-devtools font-weight:bold @ http://localhost:3000/_next/static/chunks/0ly8_next_dist_1tgaskt._.js:2477
[ 3553022ms] [LOG] [HMR] connected @ http://localhost:3000/_next/static/chunks/0ly8_next_dist_1tgaskt._.js:2477
[ 3557022ms] [INFO] %cDownload the React DevTools for a better development experience: https://react.dev/link/react-devtools font-weight:bold @ http://localhost:3000/_next/static/chunks/0ly8_next_dist_1tgaskt._.js:2477
[ 3557035ms] [LOG] [HMR] connected @ http://localhost:3000/_next/static/chunks/0ly8_next_dist_1tgaskt._.js:2477
[ 3590339ms] [INFO] %cDownload the React DevTools for a better development experience: https://react.dev/link/react-devtools font-weight:bold @ http://localhost:3000/_next/static/chunks/0ly8_next_dist_1tgaskt._.js:2477
[ 3590355ms] [LOG] [HMR] connected @ http://localhost:3000/_next/static/chunks/0ly8_next_dist_1tgaskt._.js:2477
