[     110ms] [INFO] %cDownload the React DevTools for a better development experience: https://react.dev/link/react-devtools font-weight:bold @ http://localhost:3000/_next/static/chunks/0ly8_next_dist_1tgaskt._.js:2477
[     118ms] [LOG] [HMR] connected @ http://localhost:3000/_next/static/chunks/0ly8_next_dist_1tgaskt._.js:2477
[    5403ms] [WARNING] You are trying to animate backgroundColor from "transparent" to "#5227FF". "transparent" is not an animatable value.. For more information and steps for solving, visit https://motion.dev/troubleshooting/value-not-animatable @ http://localhost:3000/_next/static/chunks/0ly8_next_dist_1tgaskt._.js:2477
[   10619ms] [WARNING] You are trying to animate backgroundColor from "transparent" to "#5227FF". "transparent" is not an animatable value.. For more information and steps for solving, visit https://motion.dev/troubleshooting/value-not-animatable @ http://localhost:3000/_next/static/chunks/0ly8_next_dist_1tgaskt._.js:2477
[   15836ms] [WARNING] You are trying to animate backgroundColor from "transparent" to "#5227FF". "transparent" is not an animatable value.. For more information and steps for solving, visit https://motion.dev/troubleshooting/value-not-animatable @ http://localhost:3000/_next/static/chunks/0ly8_next_dist_1tgaskt._.js:2477
[   21053ms] [WARNING] You are trying to animate backgroundColor from "transparent" to "#5227FF". "transparent" is not an animatable value.. For more information and steps for solving, visit https://motion.dev/troubleshooting/value-not-animatable @ http://localhost:3000/_next/static/chunks/0ly8_next_dist_1tgaskt._.js:2477
[   26270ms] [WARNING] You are trying to animate backgroundColor from "transparent" to "#5227FF". "transparent" is not an animatable value.. For more information and steps for solving, visit https://motion.dev/troubleshooting/value-not-animatable @ http://localhost:3000/_next/static/chunks/0ly8_next_dist_1tgaskt._.js:2477
[   31487ms] [WARNING] You are trying to animate backgroundColor from "transparent" to "#5227FF". "transparent" is not an animatable value.. For more information and steps for solving, visit https://motion.dev/troubleshooting/value-not-animatable @ http://localhost:3000/_next/static/chunks/0ly8_next_dist_1tgaskt._.js:2477
[   36703ms] [WARNING] You are trying to animate backgroundColor from "#5227FF" to "transparent". "transparent" is not an animatable value.. For more information and steps for solving, visit https://motion.dev/troubleshooting/value-not-animatable @ http://localhost:3000/_next/static/chunks/0ly8_next_dist_1tgaskt._.js:2477
[   36703ms] [WARNING] You are trying to animate backgroundColor from "#5227FF" to "transparent". "transparent" is not an animatable value.. For more information and steps for solving, visit https://motion.dev/troubleshooting/value-not-animatable @ http://localhost:3000/_next/static/chunks/0ly8_next_dist_1tgaskt._.js:2477
[   36703ms] [WARNING] You are trying to animate backgroundColor from "#5227FF" to "transparent". "transparent" is not an animatable value.. For more information and steps for solving, visit https://motion.dev/troubleshooting/value-not-animatable @ http://localhost:3000/_next/static/chunks/0ly8_next_dist_1tgaskt._.js:2477
[   36704ms] [WARNING] You are trying to animate backgroundColor from "#5227FF" to "transparent". "transparent" is not an animatable value.. For more information and steps for solving, visit https://motion.dev/troubleshooting/value-not-animatable @ http://localhost:3000/_next/static/chunks/0ly8_next_dist_1tgaskt._.js:2477
[   36704ms] [WARNING] You are trying to animate backgroundColor from "#5227FF" to "transparent". "transparent" is not an animatable value.. For more information and steps for solving, visit https://motion.dev/troubleshooting/value-not-animatable @ http://localhost:3000/_next/static/chunks/0ly8_next_dist_1tgaskt._.js:2477
[   36704ms] [WARNING] You are trying to animate backgroundColor from "#5227FF" to "transparent". "transparent" is not an animatable value.. For more information and steps for solving, visit https://motion.dev/troubleshooting/value-not-animatable @ http://localhost:3000/_next/static/chunks/0ly8_next_dist_1tgaskt._.js:2477
[   41920ms] [WARNING] You are trying to animate backgroundColor from "transparent" to "#5227FF". "transparent" is not an animatable value.. For more information and steps for solving, visit https://motion.dev/troubleshooting/value-not-animatable @ http://localhost:3000/_next/static/chunks/0ly8_next_dist_1tgaskt._.js:2477
[   47137ms] [WARNING] You are trying to animate backgroundColor from "transparent" to "#5227FF". "transparent" is not an animatable value.. For more information and steps for solving, visit https://motion.dev/troubleshooting/value-not-animatable @ http://localhost:3000/_next/static/chunks/0ly8_next_dist_1tgaskt._.js:2477
[   52360ms] [WARNING] You are trying to animate backgroundColor from "transparent" to "#5227FF". "transparent" is not an animatable value.. For more information and steps for solving, visit https://motion.dev/troubleshooting/value-not-animatable @ http://localhost:3000/_next/static/chunks/0ly8_next_dist_1tgaskt._.js:2477
[   57570ms] [WARNING] You are trying to animate backgroundColor from "transparent" to "#5227FF". "transparent" is not an animatable value.. For more information and steps for solving, visit https://motion.dev/troubleshooting/value-not-animatable @ http://localhost:3000/_next/static/chunks/0ly8_next_dist_1tgaskt._.js:2477
[   61919ms] [LOG] [Fast Refresh] rebuilding @ http://localhost:3000/_next/static/chunks/0ly8_next_dist_1tgaskt._.js:2477
[   61949ms] [LOG] [Fast Refresh] done in 50ms @ http://localhost:3000/_next/static/chunks/0ly8_next_dist_1tgaskt._.js:2477
[   62787ms] [WARNING] You are trying to animate backgroundColor from "transparent" to "#5227FF". "transparent" is not an animatable value.. For more information and steps for solving, visit https://motion.dev/troubleshooting/value-not-animatable @ http://localhost:3000/_next/static/chunks/0ly8_next_dist_1tgaskt._.js:2477
[   68004ms] [WARNING] You are trying to animate backgroundColor from "transparent" to "#5227FF". "transparent" is not an animatable value.. For more information and steps for solving, visit https://motion.dev/troubleshooting/value-not-animatable @ http://localhost:3000/_next/static/chunks/0ly8_next_dist_1tgaskt._.js:2477
[   73221ms] [WARNING] You are trying to animate backgroundColor from "#5227FF" to "transparent". "transparent" is not an animatable value.. For more information and steps for solving, visit https://motion.dev/troubleshooting/value-not-animatable @ http://localhost:3000/_next/static/chunks/0ly8_next_dist_1tgaskt._.js:2477
[   73221ms] [WARNING] You are trying to animate backgroundColor from "#5227FF" to "transparent". "transparent" is not an animatable value.. For more information and steps for solving, visit https://motion.dev/troubleshooting/value-not-animatable @ http://localhost:3000/_next/static/chunks/0ly8_next_dist_1tgaskt._.js:2477
[   73221ms] [WARNING] You are trying to animate backgroundColor from "#5227FF" to "transparent". "transparent" is not an animatable value.. For more information and steps for solving, visit https://motion.dev/troubleshooting/value-not-animatable @ http://localhost:3000/_next/static/chunks/0ly8_next_dist_1tgaskt._.js:2477
[   73221ms] [WARNING] You are trying to animate backgroundColor from "#5227FF" to "transparent". "transparent" is not an animatable value.. For more information and steps for solving, visit https://motion.dev/troubleshooting/value-not-animatable @ http://localhost:3000/_next/static/chunks/0ly8_next_dist_1tgaskt._.js:2477
[   73221ms] [WARNING] You are trying to animate backgroundColor from "#5227FF" to "transparent". "transparent" is not an animatable value.. For more information and steps for solving, visit https://motion.dev/troubleshooting/value-not-animatable @ http://localhost:3000/_next/static/chunks/0ly8_next_dist_1tgaskt._.js:2477
[   73221ms] [WARNING] You are trying to animate backgroundColor from "#5227FF" to "transparent". "transparent" is not an animatable value.. For more information and steps for solving, visit https://motion.dev/troubleshooting/value-not-animatable @ http://localhost:3000/_next/static/chunks/0ly8_next_dist_1tgaskt._.js:2477
[   78438ms] [WARNING] You are trying to animate backgroundColor from "transparent" to "#5227FF". "transparent" is not an animatable value.. For more information and steps for solving, visit https://motion.dev/troubleshooting/value-not-animatable @ http://localhost:3000/_next/static/chunks/0ly8_next_dist_1tgaskt._.js:2477
