[      81ms] [INFO] %cDownload the React DevTools for a better development experience: https://react.dev/link/react-devtools font-weight:bold @ http://localhost:3000/_next/static/chunks/0ly8_next_dist_1tgaskt._.js:2477
[     114ms] [LOG] [HMR] connected @ http://localhost:3000/_next/static/chunks/0ly8_next_dist_1tgaskt._.js:2477
[  188682ms] [LOG] [Fast Refresh] rebuilding @ http://localhost:3000/_next/static/chunks/0ly8_next_dist_1tgaskt._.js:2477
[  188707ms] [LOG] [Fast Refresh] done in 72ms @ http://localhost:3000/_next/static/chunks/0ly8_next_dist_1tgaskt._.js:2477
[  218685ms] [LOG] [Fast Refresh] rebuilding @ http://localhost:3000/_next/static/chunks/0ly8_next_dist_1tgaskt._.js:2477
[  218710ms] [LOG] [Fast Refresh] done in 29ms @ http://localhost:3000/_next/static/chunks/0ly8_next_dist_1tgaskt._.js:2477
[  278962ms] [LOG] [Fast Refresh] rebuilding @ http://localhost:3000/_next/static/chunks/0ly8_next_dist_1tgaskt._.js:2477
[  279269ms] [LOG] [Fast Refresh] done in 225ms @ http://localhost:3000/_next/static/chunks/0ly8_next_dist_1tgaskt._.js:2477
[  279392ms] [LOG] [Fast Refresh] rebuilding @ http://localhost:3000/_next/static/chunks/0ly8_next_dist_1tgaskt._.js:2477
[  279921ms] [LOG] [Fast Refresh] done in 630ms @ http://localhost:3000/_next/static/chunks/0ly8_next_dist_1tgaskt._.js:2477
[  300331ms] [LOG] [Fast Refresh] rebuilding @ http://localhost:3000/_next/static/chunks/0ly8_next_dist_1tgaskt._.js:2477
[  300351ms] [LOG] [Fast Refresh] done in 32ms @ http://localhost:3000/_next/static/chunks/0ly8_next_dist_1tgaskt._.js:2477
[  422539ms] [ERROR] WebSocket connection to 'ws://localhost:3000/_next/webpack-hmr?id=Aqh99pSgysBWrl9WTT58N' failed: Error in connection establishment: net::ERR_CONNECTION_REFUSED @ http://localhost:3000/_next/static/chunks/0ly8_next_dist_client_1ri-qb-._.js:13422
[  423542ms] [ERROR] WebSocket connection to 'ws://localhost:3000/_next/webpack-hmr?id=Aqh99pSgysBWrl9WTT58N' failed: Error in connection establishment: net::ERR_CONNECTION_REFUSED @ http://localhost:3000/_next/static/chunks/0ly8_next_dist_client_1ri-qb-._.js:13422
[  424545ms] [ERROR] WebSocket connection to 'ws://localhost:3000/_next/webpack-hmr?id=Aqh99pSgysBWrl9WTT58N' failed: Error in connection establishment: net::ERR_CONNECTION_REFUSED @ http://localhost:3000/_next/static/chunks/0ly8_next_dist_client_1ri-qb-._.js:13422
[  425548ms] [ERROR] WebSocket connection to 'ws://localhost:3000/_next/webpack-hmr?id=Aqh99pSgysBWrl9WTT58N' failed: Error in connection establishment: net::ERR_CONNECTION_REFUSED @ http://localhost:3000/_next/static/chunks/0ly8_next_dist_client_1ri-qb-._.js:13422
[  426551ms] [ERROR] WebSocket connection to 'ws://localhost:3000/_next/webpack-hmr?id=Aqh99pSgysBWrl9WTT58N' failed: Error in connection establishment: net::ERR_CONNECTION_REFUSED @ http://localhost:3000/_next/static/chunks/0ly8_next_dist_client_1ri-qb-._.js:13422
[  431558ms] [ERROR] WebSocket connection to 'ws://localhost:3000/_next/webpack-hmr?id=Aqh99pSgysBWrl9WTT58N' failed: Error in connection establishment: net::ERR_CONNECTION_REFUSED @ http://localhost:3000/_next/static/chunks/0ly8_next_dist_client_1ri-qb-._.js:13422
[  436570ms] [ERROR] WebSocket connection to 'ws://localhost:3000/_next/webpack-hmr?id=Aqh99pSgysBWrl9WTT58N' failed: Error in connection establishment: net::ERR_CONNECTION_REFUSED @ http://localhost:3000/_next/static/chunks/0ly8_next_dist_client_1ri-qb-._.js:13422
[  441589ms] [ERROR] WebSocket connection to 'ws://localhost:3000/_next/webpack-hmr?id=Aqh99pSgysBWrl9WTT58N' failed: Error in connection establishment: net::ERR_CONNECTION_REFUSED @ http://localhost:3000/_next/static/chunks/0ly8_next_dist_client_1ri-qb-._.js:13422
[  446592ms] [ERROR] WebSocket connection to 'ws://localhost:3000/_next/webpack-hmr?id=Aqh99pSgysBWrl9WTT58N' failed: Error in connection establishment: net::ERR_CONNECTION_REFUSED @ http://localhost:3000/_next/static/chunks/0ly8_next_dist_client_1ri-qb-._.js:13422
[  451595ms] [ERROR] WebSocket connection to 'ws://localhost:3000/_next/webpack-hmr?id=Aqh99pSgysBWrl9WTT58N' failed: Error in connection establishment: net::ERR_CONNECTION_REFUSED @ http://localhost:3000/_next/static/chunks/0ly8_next_dist_client_1ri-qb-._.js:13422
[  456598ms] [ERROR] WebSocket connection to 'ws://localhost:3000/_next/webpack-hmr?id=Aqh99pSgysBWrl9WTT58N' failed: Error in connection establishment: net::ERR_CONNECTION_REFUSED @ http://localhost:3000/_next/static/chunks/0ly8_next_dist_client_1ri-qb-._.js:13422
[  461601ms] [ERROR] WebSocket connection to 'ws://localhost:3000/_next/webpack-hmr?id=Aqh99pSgysBWrl9WTT58N' failed: Error in connection establishment: net::ERR_CONNECTION_REFUSED @ http://localhost:3000/_next/static/chunks/0ly8_next_dist_client_1ri-qb-._.js:13422
